


materialPath: C:\Program Files (x86)\Steam\SteamApps\common\Source SDK Base 2013 Multiplayer\customConfig\materials
Loading C:\Users\Jackson\Desktop\Map.vmf
Can't find surfaceprop dirt for material NATURE/GRASSFLOOR002A, using default
Can't find surfaceprop metalvent for material METAL/METALWALL045A, using default
Can't find surfaceprop concrete for material DEV/GRAYGRID, using default
Can't find surfaceprop wood for material WOOD/WOODFLOOR006B, using default
Can't find surfaceprop glass for material STOREFRONT_TEMPLATE/STOREFRONT_TEMPLATE001D, using default
Can't find surfaceprop brick for material BRICK/BRICKWALL003A_CONSTRUCT, using default
Can't find surfaceprop metal for material METAL/METALLADDER001A, using default
Could not locate 'GameData' key in c:\program files (x86)\steam\steamapps\common\source sdk base 2013 multiplayer\customconfig\gameinfo.txt
fixing up env_cubemap materials on brush sides...
0...1...2...3...4...5...6...7...8...9...10**** leaked ****
Entity info_player_start (1200.00 -48.00 -20.00) leaked!

FindPortalSide: Couldn't find a good match for which brush to assign to a portal near (-512.0 -1024.0 900.0)
Leaf 0 contents: CONTENTS_SOLID 
Leaf 1 contents: 
viscontents (node 0 contents ^ node 1 contents): CONTENTS_SOLID 
This means that none of the brushes in leaf 0 or 1 that touches the portal has CONTENTS_SOLID 
Check for a huge brush enclosing the coordinates above that has contents CONTENTS_SOLID 
Candidate brush IDs: 


FindPortalSide: Couldn't find a good match for which brush to assign to a portal near (0.0 -12.0 1820.0)
Leaf 0 contents: 
Leaf 1 contents: CONTENTS_SOLID 
viscontents (node 0 contents ^ node 1 contents): CONTENTS_SOLID 
This means that none of the brushes in leaf 0 or 1 that touches the portal has CONTENTS_SOLID 
Check for a huge brush enclosing the coordinates above that has contents CONTENTS_SOLID 
Candidate brush IDs: 


FindPortalSide: Couldn't find a good match for which brush to assign to a portal near (0.0 -12.0 -20.0)
Leaf 0 contents: 
Leaf 1 contents: CONTENTS_SOLID 
viscontents (node 0 contents ^ node 1 contents): CONTENTS_SOLID 
This means that none of the brushes in leaf 0 or 1 that touches the portal has CONTENTS_SOLID 
Check for a huge brush enclosing the coordinates above that has contents CONTENTS_SOLID 
Candidate brush IDs: 


FindPortalSide: Couldn't find a good match for which brush to assign to a portal near (0.0 -524.0 900.0)
Leaf 0 contents: 
Leaf 1 contents: CONTENTS_SOLID 
viscontents (node 0 contents ^ node 1 contents): CONTENTS_SOLID 
This means that none of the brushes in leaf 0 or 1 that touches the portal has CONTENTS_SOLID 
Check for a huge brush enclosing the coordinates above that has contents CONTENTS_SOLID 
Candidate brush IDs: 


FindPortalSide: Couldn't find a good match for which brush to assign to a portal near (-524.0 0.0 900.0)
Leaf 0 contents: 
Leaf 1 contents: CONTENTS_SOLID 
viscontents (node 0 contents ^ node 1 contents): CONTENTS_SOLID 
This means that none of the brushes in leaf 0 or 1 that touches the portal has CONTENTS_SOLID 
Check for a huge brush enclosing the coordinates above that has contents CONTENTS_SOLID 
Candidate brush IDs: 


FindPortalSide: Couldn't find a good match for which brush to assign to a portal near (-12.0 0.0 -20.0)
Leaf 0 contents: 
Leaf 1 contents: CONTENTS_SOLID 
viscontents (node 0 contents ^ node 1 contents): CONTENTS_SOLID 
This means that none of the brushes in leaf 0 or 1 that touches the portal has CONTENTS_SOLID 
Check for a huge brush enclosing the coordinates above that has contents CONTENTS_SOLID 
Candidate brush IDs: 


FindPortalSide: Couldn't find a good match for which brush to assign to a portal near (-12.0 0.0 1820.0)
Leaf 0 contents: 
Leaf 1 contents: CONTENTS_SOLID 
viscontents (node 0 contents ^ node 1 contents): CONTENTS_SOLID 
This means that none of the brushes in leaf 0 or 1 that touches the portal has CONTENTS_SOLID 
Check for a huge brush enclosing the coordinates above that has contents CONTENTS_SOLID 
Candidate brush IDs: 


FindPortalSide: Couldn't find a good match for which brush to assign to a portal near (-1024.0 -512.0 900.0)
Leaf 0 contents: CONTENTS_SOLID 
Leaf 1 contents: 
viscontents (node 0 contents ^ node 1 contents): CONTENTS_SOLID 
This means that none of the brushes in leaf 0 or 1 that touches the portal has CONTENTS_SOLID 
Check for a huge brush enclosing the coordinates above that has contents CONTENTS_SOLID 
Candidate brush IDs: 

*** Suppressing further FindPortalSide errors.... ***
Processing areas...done (0)
Building Faces...done (0)
Chop Details...done (0)
Find Visible Detail Sides...done (0)
Merging details...done (0)
FixTjuncs...
PruneNodes...
WriteBSP...
done (0)
material "skybox/urbannightstormhdrrt" not found.
Can't load skybox file skybox/urbannightstormhdr to build the default cubemap!
Can't load skybox file skybox/urbannightstormhdr to build the default cubemap!
Finding displacement neighbors...
Finding lightmap sample positions...
Displacement Alpha : 0...1...2...3...4...5...6...7...8...9...10
Building Physics collision data...
done (0) (20561 bytes)
Placing detail props : 0...1...2...3...4...5...6...7...8...9...10
Compacting texture/material tables...
Reduced 301 texinfos to 200
Reduced 9 texdatas to 7 (263 bytes to 170)
Writing C:\Users\Jackson\Desktop\Map.bsp
0 seconds elapsed



8 threads
reading c:\users\jackson\desktop\Map.bsp
reading c:\users\jackson\desktop\Map.prt
LoadPortals: couldn't read c:\users\jackson\desktop\Map.prt



Could not find lights.rad in lights.rad.
Trying VRAD BIN directory instead...
Warning: Couldn't open texlight file c:\program files (x86)\steam\steamapps\common\Source SDK Base 2013 Multiplayer\bin\lights.rad.
Loading c:\users\jackson\desktop\Map.bsp
No vis information, direct lighting only.
1167 faces
454642 square feet [65468520.00 square inches]
0 Displacements
0 Square Feet [0.00 Square Inches]
2 direct lights
0...1...2...3...4...5...6...7...8...9...10Build Patch/Sample Hash Table(s).....Done<0.0143 sec>
0...1...2...3...4...5...6...7...8...9...10FinalLightFace Done
0 of 0 (0% of) surface lights went in leaf ambient cubes.
0...1...2...3...4...5...6...7...8...9...10Writing leaf ambient...done
Ready to Finish

Object names       Objects/Maxobjs  Memory / Maxmem  Fullness 
------------       ---------------  ---------------  -------- 
models                   1/1024           48/49152    ( 0.1%) 
brushes                 53/8192          636/98304    ( 0.6%) 
brushsides             612/65536        4896/524288   ( 0.9%) 
planes                 820/65536       16400/1310720  ( 1.3%) 
vertexes              1341/65536       16092/786432   ( 2.0%) 
nodes                  591/65536       18912/2097152  ( 0.9%) 
texinfos               200/12288       14400/884736   ( 1.6%) 
texdata                  7/2048          224/65536    ( 0.3%) 
dispinfos                0/0               0/0        ( 0.0%) 
disp_verts               0/0               0/0        ( 0.0%) 
disp_tris                0/0               0/0        ( 0.0%) 
disp_lmsamples           0/0               0/0        ( 0.0%) 
faces                 1167/65536       65352/3670016  ( 1.8%) 
hdr faces                0/65536           0/3670016  ( 0.0%) 
origfaces              229/65536       12824/3670016  ( 0.3%) 
leaves                 593/65536       18976/2097152  ( 0.9%) 
leaffaces             1853/65536        3706/131072   ( 2.8%) 
leafbrushes            286/65536         572/131072   ( 0.4%) 
areas                    3/256            24/2048     ( 1.2%) 
surfedges             6548/512000      26192/2048000  ( 1.3%) 
edges                 3605/256000      14420/1024000  ( 1.4%) 
LDR worldlights          2/8192          176/720896   ( 0.0%) 
HDR worldlights          0/8192            0/720896   ( 0.0%) 
leafwaterdata            0/32768           0/393216   ( 0.0%) 
waterstrips            137/32768        1370/327680   ( 0.4%) 
waterverts               0/65536           0/786432   ( 0.0%) 
waterindices          2184/65536        4368/131072   ( 3.3%) 
cubemapsamples           0/1024            0/16384    ( 0.0%) 
overlays                 0/512             0/180224   ( 0.0%) 
LDR lightdata         [variable]     3455332/0        ( 0.0%) 
HDR lightdata         [variable]           0/0        ( 0.0%) 
visdata               [variable]           0/16777216 ( 0.0%) 
entdata               [variable]         763/393216   ( 0.2%) 
LDR ambient table      593/65536        2372/262144   ( 0.9%) 
HDR ambient table      593/65536        2372/262144   ( 0.9%) 
LDR leaf ambient      1179/65536       33012/1835008  ( 1.8%) 
HDR leaf ambient       593/65536       16604/1835008  ( 0.9%) 
occluders                0/0               0/0        ( 0.0%) 
occluder polygons        0/0               0/0        ( 0.0%) 
occluder vert ind        0/0               0/0        ( 0.0%) 
detail props          [variable]           1/12       ( 8.3%) 
static props          [variable]           1/12       ( 8.3%) 
pakfile               [variable]         699/0        ( 0.0%) 
physics               [variable]       20561/4194304  ( 0.5%) 
physics terrain       [variable]           2/1048576  ( 0.0%) 

Level flags = 0

Total triangle count: 3298
Writing c:\users\jackson\desktop\Map.bsp
5 seconds elapsed



materialPath: C:\Program Files (x86)\Steam\SteamApps\common\Source SDK Base 2013 Multiplayer\customConfig\materials
Loading C:\Users\Jackson\Documents\GitHub\Custom-GMod-Map\VMF\Map.vmf
Can't find surfaceprop dirt for material NATURE/GRASSFLOOR002A, using default
Can't find surfaceprop metalvent for material METAL/METALWALL045A, using default
Can't find surfaceprop concrete for material DEV/GRAYGRID, using default
Can't find surfaceprop wood for material WOOD/WOODFLOOR006B, using default
Can't find surfaceprop glass for material STOREFRONT_TEMPLATE/STOREFRONT_TEMPLATE001D, using default
Can't find surfaceprop brick for material BRICK/BRICKWALL003A_CONSTRUCT, using default
Can't find surfaceprop metal for material METAL/METALLADDER001A, using default
Could not locate 'GameData' key in c:\program files (x86)\steam\steamapps\common\source sdk base 2013 multiplayer\customconfig\gameinfo.txt
fixing up env_cubemap materials on brush sides...
0...1...2...3...4...5...6...7...8...9...100...1...2...3...4...5...6...7...8...9...10
FindPortalSide: Couldn't find a good match for which brush to assign to a portal near (371.1 2132.0 588.0)
Leaf 0 contents: CONTENTS_WINDOW CONTENTS_TRANSLUCENT 
Leaf 1 contents: 
viscontents (node 0 contents ^ node 1 contents): CONTENTS_WINDOW 
This means that none of the brushes in leaf 0 or 1 that touches the portal has CONTENTS_WINDOW 
Check for a huge brush enclosing the coordinates above that has contents CONTENTS_WINDOW 
Candidate brush IDs: Brush 90: 


FindPortalSide: Couldn't find a good match for which brush to assign to a portal near (371.1 2132.0 629.9)
Leaf 0 contents: CONTENTS_WINDOW CONTENTS_TRANSLUCENT 
Leaf 1 contents: 
viscontents (node 0 contents ^ node 1 contents): CONTENTS_WINDOW 
This means that none of the brushes in leaf 0 or 1 that touches the portal has CONTENTS_WINDOW 
Check for a huge brush enclosing the coordinates above that has contents CONTENTS_WINDOW 
Candidate brush IDs: Brush 90: 


FindPortalSide: Couldn't find a good match for which brush to assign to a portal near (370.9 2131.9 608.9)
Leaf 0 contents: CONTENTS_WINDOW CONTENTS_TRANSLUCENT 
Leaf 1 contents: CONTENTS_GRATE CONTENTS_TRANSLUCENT CONTENTS_LADDER 
viscontents (node 0 contents ^ node 1 contents): CONTENTS_WINDOW 
This means that none of the brushes in leaf 0 or 1 that touches the portal has CONTENTS_WINDOW 
Check for a huge brush enclosing the coordinates above that has contents CONTENTS_WINDOW 
Candidate brush IDs: Brush 90: 


FindPortalSide: Couldn't find a good match for which brush to assign to a portal near (371.1 2132.0 102.0)
Leaf 0 contents: CONTENTS_WINDOW CONTENTS_TRANSLUCENT 
Leaf 1 contents: 
viscontents (node 0 contents ^ node 1 contents): CONTENTS_WINDOW 
This means that none of the brushes in leaf 0 or 1 that touches the portal has CONTENTS_WINDOW 
Check for a huge brush enclosing the coordinates above that has contents CONTENTS_WINDOW 
Candidate brush IDs: Brush 90: 


FindPortalSide: Couldn't find a good match for which brush to assign to a portal near (370.9 2131.9 105.0)
Leaf 0 contents: CONTENTS_WINDOW CONTENTS_TRANSLUCENT 
Leaf 1 contents: CONTENTS_GRATE CONTENTS_TRANSLUCENT CONTENTS_LADDER 
viscontents (node 0 contents ^ node 1 contents): CONTENTS_WINDOW 
This means that none of the brushes in leaf 0 or 1 that touches the portal has CONTENTS_WINDOW 
Check for a huge brush enclosing the coordinates above that has contents CONTENTS_WINDOW 
Candidate brush IDs: Brush 90: 

Processing areas...done (0)
Building Faces...done (0)
Chop Details...done (0)
Find Visible Detail Sides...done (0)
Merging details...done (0)
FixTjuncs...
PruneNodes...
WriteBSP...
done (0)
writing C:\Users\Jackson\Documents\GitHub\Custom-GMod-Map\VMF\Map.prt...Building visibility clusters...
done (0)
material "skybox/urbannightstormhdrrt" not found.
Can't load skybox file skybox/urbannightstormhdr to build the default cubemap!
Can't load skybox file skybox/urbannightstormhdr to build the default cubemap!
Finding displacement neighbors...
Finding lightmap sample positions...
Displacement Alpha : 0...1...2...3...4...5...6...7...8...9...10
Building Physics collision data...
done (0) (20561 bytes)
Placing detail props : 0...1...2...3...4...5...6...7...8...9...10
Compacting texture/material tables...
Reduced 301 texinfos to 176
Reduced 9 texdatas to 7 (263 bytes to 170)
Writing C:\Users\Jackson\Documents\GitHub\Custom-GMod-Map\VMF\Map.bsp
0 seconds elapsed



8 threads
reading c:\users\jackson\documents\github\custom-gmod-map\vmf\Map.bsp
reading c:\users\jackson\documents\github\custom-gmod-map\vmf\Map.prt
 356 portalclusters
1167 numportals
0...1...2...3...4...5...6...7...8...9...100...1...2...3...4...5...6...7...8...9...10Optimized: 186 visible clusters (0.17%)
Total clusters visible: 106406
Average clusters visible: 298
Building PAS...
Average clusters audible: 356
visdatasize:34744  compressed from 34176
writing c:\users\jackson\documents\github\custom-gmod-map\vmf\Map.bsp
9 seconds elapsed



Could not find lights.rad in lights.rad.
Trying VRAD BIN directory instead...
Warning: Couldn't open texlight file c:\program files (x86)\steam\steamapps\common\Source SDK Base 2013 Multiplayer\bin\lights.rad.
Loading c:\users\jackson\documents\github\custom-gmod-map\vmf\Map.bsp
812 faces
246450 square feet [35488816.00 square inches]
0 Displacements
0 Square Feet [0.00 Square Inches]
812 patches before subdivision
zero area child patch
25854 patches after subdivision
2 direct lights
0...1...2...3...4...5...6...7...8...9...100...1...2...3...4...5...6...7...8...9...10transfers 5643389, max 626
transfer lists:  43.1 megs
0...1...2...3...4...5...6...7...8...9...10	Bounce #1 added RGB(0, 0, 0)
Build Patch/Sample Hash Table(s).....Done<0.0103 sec>
0...1...2...3...4...5...6...7...8...9...10FinalLightFace Done
0 of 0 (0% of) surface lights went in leaf ambient cubes.
0...1...2...3...4...5...6...7...8...9...10Writing leaf ambient...done
Ready to Finish

Object names       Objects/Maxobjs  Memory / Maxmem  Fullness 
------------       ---------------  ---------------  -------- 
models                   1/1024           48/49152    ( 0.1%) 
brushes                 53/8192          636/98304    ( 0.6%) 
brushsides             612/65536        4896/524288   ( 0.9%) 
planes                 820/65536       16400/1310720  ( 1.3%) 
vertexes               969/65536       11628/786432   ( 1.5%) 
nodes                  489/65536       15648/2097152  ( 0.7%) 
texinfos               176/12288       12672/884736   ( 1.4%) 
texdata                  7/2048          224/65536    ( 0.3%) 
dispinfos                0/0               0/0        ( 0.0%) 
disp_verts               0/0               0/0        ( 0.0%) 
disp_tris                0/0               0/0        ( 0.0%) 
disp_lmsamples           0/0               0/0        ( 0.0%) 
faces                  812/65536       45472/3670016  ( 1.2%) 
hdr faces                0/65536           0/3670016  ( 0.0%) 
origfaces              200/65536       11200/3670016  ( 0.3%) 
leaves                 491/65536       15712/2097152  ( 0.7%) 
leaffaces             1586/65536        3172/131072   ( 2.4%) 
leafbrushes            289/65536         578/131072   ( 0.4%) 
areas                    2/256            16/2048     ( 0.8%) 
surfedges             4756/512000      19024/2048000  ( 0.9%) 
edges                 2712/256000      10848/1024000  ( 1.1%) 
LDR worldlights          2/8192          176/720896   ( 0.0%) 
HDR worldlights          0/8192            0/720896   ( 0.0%) 
leafwaterdata            0/32768           0/393216   ( 0.0%) 
waterstrips             92/32768         920/327680   ( 0.3%) 
waterverts               0/65536           0/786432   ( 0.0%) 
waterindices          1587/65536        3174/131072   ( 2.4%) 
cubemapsamples           0/1024            0/16384    ( 0.0%) 
overlays                 0/512             0/180224   ( 0.0%) 
LDR lightdata         [variable]     1933772/0        ( 0.0%) 
HDR lightdata         [variable]           0/0        ( 0.0%) 
visdata               [variable]       34744/16777216 ( 0.2%) 
entdata               [variable]         756/393216   ( 0.2%) 
LDR ambient table      491/65536        1964/262144   ( 0.7%) 
HDR ambient table      491/65536        1964/262144   ( 0.7%) 
LDR leaf ambient       356/65536        9968/1835008  ( 0.5%) 
HDR leaf ambient       491/65536       13748/1835008  ( 0.7%) 
occluders                0/0               0/0        ( 0.0%) 
occluder polygons        0/0               0/0        ( 0.0%) 
occluder vert ind        0/0               0/0        ( 0.0%) 
detail props          [variable]           1/12       ( 8.3%) 
static props          [variable]           1/12       ( 8.3%) 
pakfile               [variable]         699/0        ( 0.0%) 
physics               [variable]       20561/4194304  ( 0.5%) 
physics terrain       [variable]           2/1048576  ( 0.0%) 

Level flags = 0

Total triangle count: 2332
Writing c:\users\jackson\documents\github\custom-gmod-map\vmf\Map.bsp
8 seconds elapsed



materialPath: C:\Program Files (x86)\Steam\SteamApps\common\Source SDK Base 2013 Multiplayer\customConfig\materials
Loading C:\Users\Jackson\Documents\GitHub\Custom-GMod-Map\VMF\Map.vmf
Can't find surfaceprop dirt for material NATURE/GRASSFLOOR002A, using default
Can't find surfaceprop metalvent for material METAL/METALWALL045A, using default
Can't find surfaceprop concrete for material DEV/GRAYGRID, using default
Can't find surfaceprop wood for material WOOD/WOODFLOOR006B, using default
Can't find surfaceprop glass for material STOREFRONT_TEMPLATE/STOREFRONT_TEMPLATE001D, using default
Can't find surfaceprop brick for material BRICK/BRICKWALL003A_CONSTRUCT, using default
Can't find surfaceprop metal for material METAL/METALLADDER001A, using default
Could not locate 'GameData' key in c:\program files (x86)\steam\steamapps\common\source sdk base 2013 multiplayer\customconfig\gameinfo.txt
fixing up env_cubemap materials on brush sides...
0...1...2...3...4...5...6...7...8...9...100...1...2...3...4...5...6...7...8...9...10
FindPortalSide: Couldn't find a good match for which brush to assign to a portal near (371.1 2132.0 588.0)
Leaf 0 contents: CONTENTS_WINDOW CONTENTS_TRANSLUCENT 
Leaf 1 contents: 
viscontents (node 0 contents ^ node 1 contents): CONTENTS_WINDOW 
This means that none of the brushes in leaf 0 or 1 that touches the portal has CONTENTS_WINDOW 
Check for a huge brush enclosing the coordinates above that has contents CONTENTS_WINDOW 
Candidate brush IDs: Brush 90: 


FindPortalSide: Couldn't find a good match for which brush to assign to a portal near (371.1 2132.0 629.9)
Leaf 0 contents: CONTENTS_WINDOW CONTENTS_TRANSLUCENT 
Leaf 1 contents: 
viscontents (node 0 contents ^ node 1 contents): CONTENTS_WINDOW 
This means that none of the brushes in leaf 0 or 1 that touches the portal has CONTENTS_WINDOW 
Check for a huge brush enclosing the coordinates above that has contents CONTENTS_WINDOW 
Candidate brush IDs: Brush 90: 


FindPortalSide: Couldn't find a good match for which brush to assign to a portal near (370.9 2131.9 608.9)
Leaf 0 contents: CONTENTS_WINDOW CONTENTS_TRANSLUCENT 
Leaf 1 contents: CONTENTS_GRATE CONTENTS_TRANSLUCENT CONTENTS_LADDER 
viscontents (node 0 contents ^ node 1 contents): CONTENTS_WINDOW 
This means that none of the brushes in leaf 0 or 1 that touches the portal has CONTENTS_WINDOW 
Check for a huge brush enclosing the coordinates above that has contents CONTENTS_WINDOW 
Candidate brush IDs: Brush 90: 


FindPortalSide: Couldn't find a good match for which brush to assign to a portal near (371.1 2132.0 102.0)
Leaf 0 contents: CONTENTS_WINDOW CONTENTS_TRANSLUCENT 
Leaf 1 contents: 
viscontents (node 0 contents ^ node 1 contents): CONTENTS_WINDOW 
This means that none of the brushes in leaf 0 or 1 that touches the portal has CONTENTS_WINDOW 
Check for a huge brush enclosing the coordinates above that has contents CONTENTS_WINDOW 
Candidate brush IDs: Brush 90: 


FindPortalSide: Couldn't find a good match for which brush to assign to a portal near (370.9 2131.9 105.0)
Leaf 0 contents: CONTENTS_WINDOW CONTENTS_TRANSLUCENT 
Leaf 1 contents: CONTENTS_GRATE CONTENTS_TRANSLUCENT CONTENTS_LADDER 
viscontents (node 0 contents ^ node 1 contents): CONTENTS_WINDOW 
This means that none of the brushes in leaf 0 or 1 that touches the portal has CONTENTS_WINDOW 
Check for a huge brush enclosing the coordinates above that has contents CONTENTS_WINDOW 
Candidate brush IDs: Brush 90: 

Processing areas...done (0)
Building Faces...done (0)
Chop Details...done (0)
Find Visible Detail Sides...done (0)
Merging details...done (0)
FixTjuncs...
PruneNodes...
WriteBSP...
done (0)
writing C:\Users\Jackson\Documents\GitHub\Custom-GMod-Map\VMF\Map.prt...Building visibility clusters...
done (0)
material "skybox/urbannightstormhdrrt" not found.
Can't load skybox file skybox/urbannightstormhdr to build the default cubemap!
Can't load skybox file skybox/urbannightstormhdr to build the default cubemap!
Finding displacement neighbors...
Finding lightmap sample positions...
Displacement Alpha : 0...1...2...3...4...5...6...7...8...9...10
Building Physics collision data...
done (0) (20561 bytes)
Placing detail props : 0...1...2...3...4...5...6...7...8...9...10
Compacting texture/material tables...
Reduced 301 texinfos to 176
Reduced 9 texdatas to 7 (263 bytes to 170)
Writing C:\Users\Jackson\Documents\GitHub\Custom-GMod-Map\VMF\Map.bsp
0 seconds elapsed



8 threads
reading c:\users\jackson\documents\github\custom-gmod-map\vmf\Map.bsp
reading c:\users\jackson\documents\github\custom-gmod-map\vmf\Map.prt
 356 portalclusters
1167 numportals
0...1...2...3...4...5...6...7...8...9...100...1...2...3...4...5...6...7...8...9...10Optimized: 186 visible clusters (0.17%)
Total clusters visible: 106406
Average clusters visible: 298
Building PAS...
Average clusters audible: 356
visdatasize:34744  compressed from 34176
writing c:\users\jackson\documents\github\custom-gmod-map\vmf\Map.bsp
9 seconds elapsed



Could not find lights.rad in lights.rad.
Trying VRAD BIN directory instead...
Warning: Couldn't open texlight file c:\program files (x86)\steam\steamapps\common\Source SDK Base 2013 Multiplayer\bin\lights.rad.
Loading c:\users\jackson\documents\github\custom-gmod-map\vmf\Map.bsp
812 faces
246450 square feet [35488816.00 square inches]
0 Displacements
0 Square Feet [0.00 Square Inches]
812 patches before subdivision
zero area child patch
25854 patches after subdivision
2 direct lights
0...1...2...3...4...5...6...7...8...9...100...1...2...3...4...5...6...7...8...9...10transfers 5643389, max 626
transfer lists:  43.1 megs
0...1...2...3...4...5...6...7...8...9...10	Bounce #1 added RGB(2554, 2668, 2336)
0...1...2...3...4...5...6...7...8...9...10	Bounce #2 added RGB(374, 409, 304)
0...1...2...3...4...5...6...7...8...9...10	Bounce #3 added RGB(57, 66, 43)
0...1...2...3...4...5...6...7...8...9...10	Bounce #4 added RGB(9, 10, 6)
0...1...2...3...4...5...6...7...8...9...10	Bounce #5 added RGB(1, 2, 1)
0...1...2...3...4...5...6...7...8...9...10	Bounce #6 added RGB(0, 0, 0)
Build Patch/Sample Hash Table(s).....Done<0.0103 sec>
0...1...2...3...4...5...6...7...8...9...10FinalLightFace Done
0 of 0 (0% of) surface lights went in leaf ambient cubes.
0...1...2...3...4...5...6...7...8...9...10Writing leaf ambient...done
Ready to Finish

Object names       Objects/Maxobjs  Memory / Maxmem  Fullness 
------------       ---------------  ---------------  -------- 
models                   1/1024           48/49152    ( 0.1%) 
brushes                 53/8192          636/98304    ( 0.6%) 
brushsides             612/65536        4896/524288   ( 0.9%) 
planes                 820/65536       16400/1310720  ( 1.3%) 
vertexes               969/65536       11628/786432   ( 1.5%) 
nodes                  489/65536       15648/2097152  ( 0.7%) 
texinfos               176/12288       12672/884736   ( 1.4%) 
texdata                  7/2048          224/65536    ( 0.3%) 
dispinfos                0/0               0/0        ( 0.0%) 
disp_verts               0/0               0/0        ( 0.0%) 
disp_tris                0/0               0/0        ( 0.0%) 
disp_lmsamples           0/0               0/0        ( 0.0%) 
faces                  812/65536       45472/3670016  ( 1.2%) 
hdr faces                0/65536           0/3670016  ( 0.0%) 
origfaces              200/65536       11200/3670016  ( 0.3%) 
leaves                 491/65536       15712/2097152  ( 0.7%) 
leaffaces             1586/65536        3172/131072   ( 2.4%) 
leafbrushes            289/65536         578/131072   ( 0.4%) 
areas                    2/256            16/2048     ( 0.8%) 
surfedges             4756/512000      19024/2048000  ( 0.9%) 
edges                 2712/256000      10848/1024000  ( 1.1%) 
LDR worldlights          2/8192          176/720896   ( 0.0%) 
HDR worldlights          0/8192            0/720896   ( 0.0%) 
leafwaterdata            0/32768           0/393216   ( 0.0%) 
waterstrips             92/32768         920/327680   ( 0.3%) 
waterverts               0/65536           0/786432   ( 0.0%) 
waterindices          1587/65536        3174/131072   ( 2.4%) 
cubemapsamples           0/1024            0/16384    ( 0.0%) 
overlays                 0/512             0/180224   ( 0.0%) 
LDR lightdata         [variable]     1933772/0        ( 0.0%) 
HDR lightdata         [variable]           0/0        ( 0.0%) 
visdata               [variable]       34744/16777216 ( 0.2%) 
entdata               [variable]         812/393216   ( 0.2%) 
LDR ambient table      491/65536        1964/262144   ( 0.7%) 
HDR ambient table      491/65536        1964/262144   ( 0.7%) 
LDR leaf ambient      2019/65536       56532/1835008  ( 3.1%) 
HDR leaf ambient       491/65536       13748/1835008  ( 0.7%) 
occluders                0/0               0/0        ( 0.0%) 
occluder polygons        0/0               0/0        ( 0.0%) 
occluder vert ind        0/0               0/0        ( 0.0%) 
detail props          [variable]           1/12       ( 8.3%) 
static props          [variable]           1/12       ( 8.3%) 
pakfile               [variable]         699/0        ( 0.0%) 
physics               [variable]       20561/4194304  ( 0.5%) 
physics terrain       [variable]           2/1048576  ( 0.0%) 

Level flags = 0

Total triangle count: 2332
Writing c:\users\jackson\documents\github\custom-gmod-map\vmf\Map.bsp
6 seconds elapsed



materialPath: C:\Program Files (x86)\Steam\SteamApps\common\Source SDK Base 2013 Multiplayer\customConfig\materials
Loading C:\Users\Jackson\Documents\GitHub\Custom-GMod-Map\VMF\Map.vmf
Can't find surfaceprop dirt for material NATURE/GRASSFLOOR002A, using default
Can't find surfaceprop metalvent for material METAL/METALWALL045A, using default
Can't find surfaceprop concrete for material DEV/GRAYGRID, using default
Can't find surfaceprop wood for material WOOD/WOODFLOOR006B, using default
Can't find surfaceprop glass for material STOREFRONT_TEMPLATE/STOREFRONT_TEMPLATE001D, using default
Can't find surfaceprop brick for material BRICK/BRICKWALL003A_CONSTRUCT, using default
Can't find surfaceprop metal for material METAL/METALLADDER001A, using default
Could not locate 'GameData' key in c:\program files (x86)\steam\steamapps\common\source sdk base 2013 multiplayer\customconfig\gameinfo.txt
fixing up env_cubemap materials on brush sides...
0...1...2...3...4...5...6...7...8...9...100...1...2...3...4...5...6...7...8...9...10
FindPortalSide: Couldn't find a good match for which brush to assign to a portal near (371.1 2132.0 588.0)
Leaf 0 contents: CONTENTS_WINDOW CONTENTS_TRANSLUCENT 
Leaf 1 contents: 
viscontents (node 0 contents ^ node 1 contents): CONTENTS_WINDOW 
This means that none of the brushes in leaf 0 or 1 that touches the portal has CONTENTS_WINDOW 
Check for a huge brush enclosing the coordinates above that has contents CONTENTS_WINDOW 
Candidate brush IDs: Brush 90: 


FindPortalSide: Couldn't find a good match for which brush to assign to a portal near (371.1 2132.0 629.9)
Leaf 0 contents: CONTENTS_WINDOW CONTENTS_TRANSLUCENT 
Leaf 1 contents: 
viscontents (node 0 contents ^ node 1 contents): CONTENTS_WINDOW 
This means that none of the brushes in leaf 0 or 1 that touches the portal has CONTENTS_WINDOW 
Check for a huge brush enclosing the coordinates above that has contents CONTENTS_WINDOW 
Candidate brush IDs: Brush 90: 


FindPortalSide: Couldn't find a good match for which brush to assign to a portal near (370.9 2131.9 608.9)
Leaf 0 contents: CONTENTS_WINDOW CONTENTS_TRANSLUCENT 
Leaf 1 contents: CONTENTS_GRATE CONTENTS_TRANSLUCENT CONTENTS_LADDER 
viscontents (node 0 contents ^ node 1 contents): CONTENTS_WINDOW 
This means that none of the brushes in leaf 0 or 1 that touches the portal has CONTENTS_WINDOW 
Check for a huge brush enclosing the coordinates above that has contents CONTENTS_WINDOW 
Candidate brush IDs: Brush 90: 


FindPortalSide: Couldn't find a good match for which brush to assign to a portal near (371.1 2132.0 102.0)
Leaf 0 contents: CONTENTS_WINDOW CONTENTS_TRANSLUCENT 
Leaf 1 contents: 
viscontents (node 0 contents ^ node 1 contents): CONTENTS_WINDOW 
This means that none of the brushes in leaf 0 or 1 that touches the portal has CONTENTS_WINDOW 
Check for a huge brush enclosing the coordinates above that has contents CONTENTS_WINDOW 
Candidate brush IDs: Brush 90: 


FindPortalSide: Couldn't find a good match for which brush to assign to a portal near (370.9 2131.9 105.0)
Leaf 0 contents: CONTENTS_WINDOW CONTENTS_TRANSLUCENT 
Leaf 1 contents: CONTENTS_GRATE CONTENTS_TRANSLUCENT CONTENTS_LADDER 
viscontents (node 0 contents ^ node 1 contents): CONTENTS_WINDOW 
This means that none of the brushes in leaf 0 or 1 that touches the portal has CONTENTS_WINDOW 
Check for a huge brush enclosing the coordinates above that has contents CONTENTS_WINDOW 
Candidate brush IDs: Brush 90: 

Processing areas...done (0)
Building Faces...done (0)
Chop Details...done (0)
Find Visible Detail Sides...done (0)
Merging details...done (0)
FixTjuncs...
PruneNodes...
WriteBSP...
done (0)
writing C:\Users\Jackson\Documents\GitHub\Custom-GMod-Map\VMF\Map.prt...Building visibility clusters...
done (0)
material "skybox/urbannightstormhdrrt" not found.
Can't load skybox file skybox/urbannightstormhdr to build the default cubemap!
Can't load skybox file skybox/urbannightstormhdr to build the default cubemap!
Finding displacement neighbors...
Finding lightmap sample positions...
Displacement Alpha : 0...1...2...3...4...5...6...7...8...9...10
Building Physics collision data...
done (0) (20561 bytes)
Placing detail props : 0...1...2...3...4...5...6...7...8...9...10
Compacting texture/material tables...
Reduced 301 texinfos to 176
Reduced 9 texdatas to 7 (263 bytes to 170)
Writing C:\Users\Jackson\Documents\GitHub\Custom-GMod-Map\VMF\Map.bsp
0 seconds elapsed



8 threads
reading c:\users\jackson\documents\github\custom-gmod-map\vmf\Map.bsp
reading c:\users\jackson\documents\github\custom-gmod-map\vmf\Map.prt
 356 portalclusters
1167 numportals
0...1...2...3...4...5...6...7...8...9...100...1...2...3...4...5...6...7...8...9...10Optimized: 186 visible clusters (0.17%)
Total clusters visible: 106406
Average clusters visible: 298
Building PAS...
Average clusters audible: 356
visdatasize:34744  compressed from 34176
writing c:\users\jackson\documents\github\custom-gmod-map\vmf\Map.bsp
9 seconds elapsed



Could not find lights.rad in lights.rad.
Trying VRAD BIN directory instead...
Warning: Couldn't open texlight file c:\program files (x86)\steam\steamapps\common\Source SDK Base 2013 Multiplayer\bin\lights.rad.
Loading c:\users\jackson\documents\github\custom-gmod-map\vmf\Map.bsp
812 faces
246450 square feet [35488816.00 square inches]
0 Displacements
0 Square Feet [0.00 Square Inches]
812 patches before subdivision
zero area child patch
25854 patches after subdivision
2 direct lights
0...1...2...3...4...5...6...7...8...9...100...1...2...3...4...5...6...7...8...9...10transfers 5643389, max 626
transfer lists:  43.1 megs
0...1...2...3...4...5...6...7...8...9...10	Bounce #1 added RGB(7020, 7322, 6421)
0...1...2...3...4...5...6...7...8...9...10	Bounce #2 added RGB(1027, 1123, 839)
0...1...2...3...4...5...6...7...8...9...10	Bounce #3 added RGB(158, 180, 120)
0...1...2...3...4...5...6...7...8...9...10	Bounce #4 added RGB(24, 29, 17)
0...1...2...3...4...5...6...7...8...9...10	Bounce #5 added RGB(4, 5, 2)
0...1...2...3...4...5...6...7...8...9...10	Bounce #6 added RGB(1, 1, 0)
Build Patch/Sample Hash Table(s).....Done<0.0102 sec>
0...1...2...3...4...5...6...7...8...9...10FinalLightFace Done
0 of 0 (0% of) surface lights went in leaf ambient cubes.
0...1...2...3...4...5...6...7...8...9...10Writing leaf ambient...done
Ready to Finish

Object names       Objects/Maxobjs  Memory / Maxmem  Fullness 
------------       ---------------  ---------------  -------- 
models                   1/1024           48/49152    ( 0.1%) 
brushes                 53/8192          636/98304    ( 0.6%) 
brushsides             612/65536        4896/524288   ( 0.9%) 
planes                 820/65536       16400/1310720  ( 1.3%) 
vertexes               969/65536       11628/786432   ( 1.5%) 
nodes                  489/65536       15648/2097152  ( 0.7%) 
texinfos               176/12288       12672/884736   ( 1.4%) 
texdata                  7/2048          224/65536    ( 0.3%) 
dispinfos                0/0               0/0        ( 0.0%) 
disp_verts               0/0               0/0        ( 0.0%) 
disp_tris                0/0               0/0        ( 0.0%) 
disp_lmsamples           0/0               0/0        ( 0.0%) 
faces                  812/65536       45472/3670016  ( 1.2%) 
hdr faces                0/65536           0/3670016  ( 0.0%) 
origfaces              200/65536       11200/3670016  ( 0.3%) 
leaves                 491/65536       15712/2097152  ( 0.7%) 
leaffaces             1586/65536        3172/131072   ( 2.4%) 
leafbrushes            289/65536         578/131072   ( 0.4%) 
areas                    2/256            16/2048     ( 0.8%) 
surfedges             4756/512000      19024/2048000  ( 0.9%) 
edges                 2712/256000      10848/1024000  ( 1.1%) 
LDR worldlights          2/8192          176/720896   ( 0.0%) 
HDR worldlights          0/8192            0/720896   ( 0.0%) 
leafwaterdata            0/32768           0/393216   ( 0.0%) 
waterstrips             92/32768         920/327680   ( 0.3%) 
waterverts               0/65536           0/786432   ( 0.0%) 
waterindices          1587/65536        3174/131072   ( 2.4%) 
cubemapsamples           0/1024            0/16384    ( 0.0%) 
overlays                 0/512             0/180224   ( 0.0%) 
LDR lightdata         [variable]     1933772/0        ( 0.0%) 
HDR lightdata         [variable]           0/0        ( 0.0%) 
visdata               [variable]       34744/16777216 ( 0.2%) 
entdata               [variable]         812/393216   ( 0.2%) 
LDR ambient table      491/65536        1964/262144   ( 0.7%) 
HDR ambient table      491/65536        1964/262144   ( 0.7%) 
LDR leaf ambient      2950/65536       82600/1835008  ( 4.5%) 
HDR leaf ambient       491/65536       13748/1835008  ( 0.7%) 
occluders                0/0               0/0        ( 0.0%) 
occluder polygons        0/0               0/0        ( 0.0%) 
occluder vert ind        0/0               0/0        ( 0.0%) 
detail props          [variable]           1/12       ( 8.3%) 
static props          [variable]           1/12       ( 8.3%) 
pakfile               [variable]         699/0        ( 0.0%) 
physics               [variable]       20561/4194304  ( 0.5%) 
physics terrain       [variable]           2/1048576  ( 0.0%) 

Level flags = 0

Total triangle count: 2332
Writing c:\users\jackson\documents\github\custom-gmod-map\vmf\Map.bsp
6 seconds elapsed
