PRT1
339
932
4 0 2 (9448 9216 0 ) (9448 9216 4200 ) (9216 9216 4200 ) (9216 9216 0 ) 
4 0 1 (9216 9216 0 ) (9216 9216 4200 ) (9216 9360 4200 ) (9216 9360 0 ) 
4 1 4 (8192 9216 0 ) (8192 9216 4200 ) (8192 9360 4200 ) (8192 9360 0 ) 
4 1 3 (9216 9216 0 ) (9216 9216 4200 ) (8192 9216 4200 ) (8192 9216 0 ) 
4 2 10 (9448 8192 0 ) (9448 8192 4200 ) (9216 8192 4200 ) (9216 8192 0 ) 
4 2 3 (9216 9216 4200 ) (9216 9216 0 ) (9216 8192 0 ) (9216 8192 4200 ) 
4 3 11 (9216 8192 0 ) (9216 8192 4200 ) (8192 8192 4200 ) (8192 8192 0 ) 
4 3 5 (8192 8192 0 ) (8192 8192 4200 ) (8192 9216 4200 ) (8192 9216 0 ) 
4 4 6 (7168 9216 0 ) (7168 9216 4200 ) (7168 9360 4200 ) (7168 9360 0 ) 
4 4 5 (8192 9216 0 ) (8192 9216 4200 ) (7168 9216 4200 ) (7168 9216 0 ) 
4 5 16 (8192 8192 0 ) (8192 8192 4200 ) (7168 8192 4200 ) (7168 8192 0 ) 
4 5 8 (7168 8192 0 ) (7168 8192 4200 ) (7168 9216 4200 ) (7168 9216 0 ) 
4 6 8 (7168 9216 0 ) (7168 9216 4200 ) (6144 9216 4200 ) (6144 9216 0 ) 
4 6 7 (6144 9216 0 ) (6144 9216 4200 ) (6144 9360 4200 ) (6144 9360 0 ) 
4 7 62 (5120 9216 0 ) (5120 9216 4200 ) (5120 9360 4200 ) (5120 9360 0 ) 
4 7 9 (6144 9216 0 ) (6144 9216 4200 ) (5120 9216 4200 ) (5120 9216 0 ) 
4 8 17 (7168 8192 0 ) (7168 8192 4200 ) (6144 8192 4200 ) (6144 8192 0 ) 
4 8 9 (6144 9216 4200 ) (6144 9216 0 ) (6144 8192 0 ) (6144 8192 4200 ) 
4 9 82 (5120 8192 0 ) (5120 8192 12 ) (5120 8281.791016 12 ) (5120 8281.791016 0 ) 
4 9 81 (5120 8281.791016 12 ) (5120 9216 12 ) (5120 9216 0 ) (5120 8281.791016 0 ) 
4 9 73 (5120 8192 12 ) (5120 8192 192 ) (5120 8281.791016 192 ) (5120 8281.791016 12 ) 
4 9 72 (5120 8281.791016 192 ) (5120 9216 192 ) (5120 9216 12 ) (5120 8281.791016 12 ) 
4 9 65 (5120 8192 192 ) (5120 8192 198 ) (5120 8275.791016 198 ) (5120 8275.791016 192 ) 
4 9 64 (5120 8192 198 ) (5120 8192 4200 ) (5120 8275.791016 4200 ) (5120 8275.791016 198 ) 
4 9 63 (5120 8275.791016 4200 ) (5120 9216 4200 ) (5120 9216 192 ) (5120 8275.791016 192 ) 
4 9 18 (6144 8192 0 ) (6144 8192 4200 ) (5120 8192 4200 ) (5120 8192 0 ) 
4 10 12 (9448 7168 0 ) (9448 7168 4200 ) (9216 7168 4200 ) (9216 7168 0 ) 
4 10 11 (9216 7168 0 ) (9216 7168 4200 ) (9216 8192 4200 ) (9216 8192 0 ) 
4 11 16 (8192 8192 4200 ) (8192 8192 0 ) (8192 7168 0 ) (8192 7168 4200 ) 
4 11 13 (9216 7168 0 ) (9216 7168 4200 ) (8192 7168 4200 ) (8192 7168 0 ) 
4 12 14 (9448 6144 0 ) (9448 6144 4200 ) (9216 6144 4200 ) (9216 6144 0 ) 
4 12 13 (9216 7168 4200 ) (9216 7168 0 ) (9216 6144 0 ) (9216 6144 4200 ) 
4 13 19 (8192 6144 0 ) (8192 6144 4200 ) (8192 7168 4200 ) (8192 7168 0 ) 
4 13 15 (9216 6144 0 ) (9216 6144 4200 ) (8192 6144 4200 ) (8192 6144 0 ) 
4 14 260 (9448 5120 0 ) (9448 5120 4200 ) (9216 5120 4200 ) (9216 5120 0 ) 
4 14 15 (9216 6144 4200 ) (9216 6144 0 ) (9216 5120 0 ) (9216 5120 4200 ) 
4 15 261 (9216 5120 0 ) (9216 5120 4200 ) (8192 5120 4200 ) (8192 5120 0 ) 
4 15 20 (8192 5120 0 ) (8192 5120 4200 ) (8192 6144 4200 ) (8192 6144 0 ) 
4 16 19 (8192 7168 0 ) (8192 7168 4200 ) (7168 7168 4200 ) (7168 7168 0 ) 
4 16 17 (7168 8192 4200 ) (7168 8192 0 ) (7168 7168 0 ) (7168 7168 4200 ) 
4 17 21 (7168 7168 0 ) (7168 7168 4200 ) (6144 7168 4200 ) (6144 7168 0 ) 
4 17 18 (6144 7168 0 ) (6144 7168 4200 ) (6144 8192 4200 ) (6144 8192 0 ) 
4 18 142 (5120 7801.790527 12 ) (5120 8192 12 ) (5120 8192 0 ) (5120 7801.790527 0 ) 
4 18 144 (5120 7168 0 ) (5120 7168 12 ) (5120 7801.790527 12 ) (5120 7801.790527 0 ) 
4 18 138 (5120 7801.790527 192 ) (5120 7807.790527 192 ) (5120 7807.790527 12 ) (5120 7801.790527 12 ) 
4 18 141 (5120 7168 12 ) (5120 7168 192 ) (5120 7801.790527 192 ) (5120 7801.790527 12 ) 
4 18 132 (5120 7807.790527 192 ) (5120 8192 192 ) (5120 8192 12 ) (5120 7807.790527 12 ) 
4 18 124 (5120 7168 192 ) (5120 7168 198 ) (5120 8192 198 ) (5120 8192 192 ) 
4 18 123 (5120 7168 198 ) (5120 7168 4200 ) (5120 8192 4200 ) (5120 8192 198 ) 
4 18 46 (6144 7168 0 ) (6144 7168 4 ) (5120 7168 4 ) (5120 7168 0 ) 
4 18 35 (6144 7168 4 ) (6144 7168 196 ) (5987.336914 7168 196 ) (5987.346680 7168 4 ) 
4 18 34 (5986.209961 7168 196 ) (5977.718750 7168 196 ) (5977.718750 7168 4 ) (5986.209961 7168 4 ) 
4 18 33 (5987.336914 7168 196 ) (5986.209961 7168 196 ) (5986.209961 7168 4 ) (5987.346680 7168 4 ) 
4 18 32 (5977.718750 7168 196 ) (5975.778320 7168 196 ) (5975.778320 7168 4 ) (5977.718750 7168 4 ) 
4 18 29 (5975.778320 7168 196 ) (5120 7168 196 ) (5120 7168 4 ) (5975.778320 7168 4 ) 
4 18 26 (6144 7168 196 ) (6144 7168 244 ) (5120 7168 244 ) (5120 7168 196 ) 
4 18 22 (6144 7168 244 ) (6144 7168 4200 ) (5120 7168 4200 ) (5120 7168 244 ) 
4 19 21 (7168 7168 4200 ) (7168 7168 0 ) (7168 6144 0 ) (7168 6144 4200 ) 
4 19 20 (8192 6144 0 ) (8192 6144 4200 ) (7168 6144 4200 ) (7168 6144 0 ) 
4 20 266 (8192 5120 0 ) (8192 5120 4200 ) (7168 5120 4200 ) (7168 5120 0 ) 
4 20 50 (7168 5120 0 ) (7168 5120 4200 ) (7168 6144 4200 ) (7168 6144 0 ) 
4 21 50 (7168 6144 0 ) (7168 6144 4200 ) (6144 6144 4200 ) (6144 6144 0 ) 
4 21 46 (6144 7168 4 ) (6144 7168 0 ) (6144 6144 0 ) (6144 6144 4 ) 
4 21 36 (6144 6663.930176 4 ) (6144 6655.460449 4 ) (6144 6655.460449 196 ) (6144 6663.930176 196 ) 
4 21 35 (6144 7168 196 ) (6144 7168 4 ) (6144 6663.930176 4 ) (6144 6663.930176 196 ) 
4 21 31 (6144 6655.460449 4 ) (6144 6144 4 ) (6144 6144 196 ) (6144 6655.460449 196 ) 
4 21 26 (6144 7168 244 ) (6144 7168 196 ) (6144 6663.949707 196 ) (6144 6663.949707 244 ) 
4 21 23 (6144 6663.949707 196 ) (6144 6144 196 ) (6144 6144 244 ) (6144 6663.949707 244 ) 
4 21 22 (6144 7168 4200 ) (6144 7168 244 ) (6144 6144 244 ) (6144 6144 4200 ) 
4 22 181 (5120 6144 244 ) (5120 6144 4200 ) (5120 7168 4200 ) (5120 7168 244 ) 
4 22 51 (6144 6144 244 ) (6144 6144 4200 ) (5120 6144 4200 ) (5120 6144 244 ) 
5 22 28 (5624.049805 6144 244 ) (5400 6144 244 ) (5181.098145 6362.902344 244 ) (5512.027344 6693.832031 244 ) (5842.954590 6362.904785 244 ) 
4 22 27 (5172.620605 6362.900391 244 ) (5120 6415.520996 244 ) (5120 7094.351563 244 ) (5512.035645 6702.315918 244 ) 
5 22 26 (5120 7094.351563 244 ) (5120 7168 244 ) (6144 7168 244 ) (6144 6663.949707 244 ) (5847.200684 6367.150879 244 ) 
3 22 25 (5391.520508 6144 244 ) (5120 6144 244 ) (5120 6415.520996 244 ) 
3 22 24 (6070.314453 6144 244 ) (5632.539063 6144 244 ) (5851.439941 6362.899902 244 ) 
4 22 23 (6144 6144 244 ) (6070.314453 6144 244 ) (5847.195313 6367.145020 244 ) (6144 6663.949707 244 ) 
4 23 53 (6144 6144 196 ) (6144 6144 244 ) (6070.314453 6144 244 ) (6070.314453 6144 196 ) 
4 23 36 (6144 6663.949707 196 ) (6144 6655.460449 196 ) (5851.439941 6362.899902 196 ) (5847.195313 6367.145020 196 ) 
4 23 31 (6144 6655.460449 196 ) (6144 6144 196 ) (6070.314453 6144 196 ) (5851.439941 6362.899902 196 ) 
4 23 26 (6144 6663.953125 196 ) (5847.193359 6367.146484 196 ) (5847.191895 6367.148926 244 ) (6144 6663.957031 244 ) 
4 23 24 (5851.440430 6362.900879 196 ) (6070.315918 6144 196 ) (6070.316406 6144 244 ) (5851.440430 6362.900879 244 ) 
4 24 53 (6070.314453 6144 244 ) (5632.539063 6144 244 ) (5632.539063 6144 196 ) (6070.314453 6144 196 ) 
3 24 31 (6070.314453 6144 196 ) (5632.539063 6144 196 ) (5851.439941 6362.899902 196 ) 
4 25 182 (5120 6144 196 ) (5120 6144 244 ) (5120 6415.520996 244 ) (5120 6415.520996 196 ) 
4 25 52 (5391.520508 6144 244 ) (5120 6144 244 ) (5120 6144 196 ) (5391.520508 6144 196 ) 
4 25 30 (5391.520508 6144 196 ) (5120 6144 196 ) (5120 6310.151855 196 ) (5172.620605 6362.899902 196 ) 
3 25 29 (5120 6310.151855 196 ) (5120 6415.520996 196 ) (5172.620605 6362.899902 196 ) 
4 25 27 (5172.622070 6362.901367 196 ) (5120 6415.523438 196 ) (5120 6415.523438 244 ) (5172.622070 6362.901367 244 ) 
4 26 183 (5120 7094.351563 244 ) (5120 7168 244 ) (5120 7168 196 ) (5120 7094.351563 196 ) 
5 26 35 (6144 7168 196 ) (6144 6663.949707 196 ) (5847.200684 6367.150879 196 ) (5516.275879 6698.075684 196 ) (5987.336914 7168 196 ) 
5 26 34 (5516.275879 6698.075684 196 ) (5512.036133 6702.315430 196 ) (5977.718750 7168 196 ) (5986.209961 7168 196 ) (5520.140625 6701.931152 196 ) 
3 26 33 (5986.209961 7168 196 ) (5987.336914 7168 196 ) (5520.140625 6701.931152 196 ) 
4 26 32 (5512.036133 6702.315430 196 ) (5511.625977 6702.725586 196 ) (5975.778320 7168 196 ) (5977.718750 7168 196 ) 
4 26 29 (5511.625977 6702.725586 196 ) (5120 7094.351563 196 ) (5120 7168 196 ) (5975.778320 7168 196 ) 
4 26 27 (5120 7094.351563 196 ) (5512.035645 6702.315918 196 ) (5512.035645 6702.315918 244 ) (5120 7094.351563 244 ) 
4 27 184 (5120 6528.171875 244 ) (5120 7047.014160 244 ) (5120 7047.014160 196 ) (5120 6528.171875 196 ) 
4 27 183 (5120 7047.014160 244 ) (5120 7094.351563 244 ) (5120 7094.351563 196 ) (5120 7047.014160 196 ) 
4 27 182 (5120 6415.520996 244 ) (5120 6528.171875 244 ) (5120 6528.171875 196 ) (5120 6415.520996 196 ) 
3 27 37 (5172.620605 6362.900391 196 ) (5507.384766 6698.474609 196 ) (5507.789551 6698.069824 196 ) 
4 27 32 (5507.384766 6698.474609 196 ) (5511.625977 6702.725586 196 ) (5512.035645 6702.315918 196 ) (5507.789551 6698.069824 196 ) 
4 27 29 (5172.620605 6362.900391 196 ) (5120 6415.520996 196 ) (5120 7094.351563 196 ) (5511.625977 6702.725586 196 ) 
4 28 54 (5624.049805 6144 244 ) (5400 6144 244 ) (5400 6144 196 ) (5624.049805 6144 196 ) 
4 28 38 (5350.810059 6362.910645 196 ) (5265.958008 6447.762695 196 ) (5469.247559 6651.052246 196 ) (5554.109375 6566.201172 196 ) 
4 29 200 (5120 7047.013672 124 ) (5120 7047.013672 4 ) (5120 7040.518066 4 ) (5120 7040.518066 124 ) 
4 29 199 (5120 7040.518066 4 ) (5120 6534.320313 4 ) (5120 6534.320313 124 ) (5120 7040.518066 124 ) 
4 29 198 (5120 6534.320313 4 ) (5120 6527.875000 4 ) (5120 6527.875000 124 ) (5120 6534.320313 124 ) 
4 29 195 (5120 6527.875000 4 ) (5120 6310.151855 4 ) (5120 6310.151855 124 ) (5120 6527.875000 124 ) 
4 29 194 (5120 7047.013672 184 ) (5120 7047.013672 124 ) (5120 7040.518066 124 ) (5120 7040.518066 184 ) 
4 29 193 (5120 7040.518066 124 ) (5120 6534.320313 124 ) (5120 6534.320313 184 ) (5120 7040.518066 184 ) 
4 29 192 (5120 6534.320313 124 ) (5120 6527.875000 124 ) (5120 6527.875000 184 ) (5120 6534.320313 184 ) 
4 29 190 (5120 7040.518066 196 ) (5120 7047.013672 196 ) (5120 7047.013672 184 ) (5120 7040.518066 184 ) 
4 29 189 (5120 6534.320313 196 ) (5120 7040.518066 196 ) (5120 7040.518066 184 ) (5120 6534.320313 184 ) 
4 29 188 (5120 6527.875000 196 ) (5120 6534.320313 196 ) (5120 6534.320313 184 ) (5120 6527.875000 184 ) 
4 29 187 (5120 6310.151855 196 ) (5120 6527.875000 196 ) (5120 6527.875000 124 ) (5120 6310.151855 124 ) 
4 29 186 (5120 7047.013672 196 ) (5120 7168 196 ) (5120 7168 4 ) (5120 7047.013672 4 ) 
3 29 47 (5120 6310.151855 4 ) (5120 7094.351563 4 ) (5511.625977 6702.725098 4 ) 
4 29 46 (5120 7094.351563 4 ) (5120 7168 4 ) (5975.778320 7168 4 ) (5511.625977 6702.725098 4 ) 
5 29 45 (5172.601563 6362.882813 4 ) (5434.692383 6625.606934 4 ) (5261.614746 6452.105957 196 ) (5174.032715 6364.312012 196 ) (5172.602539 6362.881836 68 ) 
4 29 37 (5434.692383 6625.606934 4 ) (5507.384277 6698.474609 4 ) (5507.387207 6698.472656 196 ) (5261.614746 6452.105957 196 ) 
4 29 32 (5507.384277 6698.474609 4 ) (5975.777832 7168 4 ) (5975.781738 7168 196 ) (5507.387207 6698.472656 196 ) 
4 29 30 (5120 6310.154297 4 ) (5172.601563 6362.882813 4 ) (5172.604004 6362.879883 196 ) (5120 6310.148438 196 ) 
4 30 195 (5120 6144 4 ) (5120 6144 124 ) (5120 6310.151855 124 ) (5120 6310.151855 4 ) 
4 30 187 (5120 6144 124 ) (5120 6144 196 ) (5120 6310.151855 196 ) (5120 6310.151855 124 ) 
4 30 56 (5391.513184 6144 196 ) (5120 6144 196 ) (5120 6144 4 ) (5391.513184 6144 4 ) 
4 30 49 (5391.513184 6144 4 ) (5120 6144 4 ) (5120 6310.151855 4 ) (5172.602539 6362.881348 4 ) 
4 30 42 (5391.511719 6144 4 ) (5350.803711 6184.703613 4 ) (5350.804688 6184.704590 124 ) (5391.514160 6144 124 ) 
4 31 55 (6144 6144 4 ) (6144 6144 196 ) (5632.539063 6144 196 ) (5632.539063 6144 4 ) 
3 31 48 (6070.351563 6144 4 ) (5632.539063 6144 4 ) (5851.445313 6362.906250 4 ) 
4 31 46 (6144 6144 4 ) (6070.351563 6144 4 ) (5851.445313 6362.906250 4 ) (6144 6655.460449 4 ) 
4 31 36 (6144 6655.460938 4 ) (5851.445313 6362.906250 4 ) (5851.445313 6362.906250 196 ) (6144 6655.460938 196 ) 
4 32 47 (5507.385254 6698.474121 4 ) (5511.625977 6702.725586 4 ) (5512.035645 6702.315918 4 ) (5507.789551 6698.069824 4 ) 
4 32 46 (5511.625977 6702.725586 4 ) (5975.778320 7168 4 ) (5977.718750 7168 4 ) (5512.035645 6702.315918 4 ) 
4 32 37 (5507.384277 6698.475098 196 ) (5507.384277 6698.475098 4 ) (5507.789551 6698.069824 4 ) (5507.789551 6698.069824 196 ) 
4 32 34 (5512.029785 6702.311035 4 ) (5977.718262 7168 4 ) (5977.718750 7168 196 ) (5512.029785 6702.311035 196 ) 
3 33 46 (5986.209961 7168 4 ) (5987.346680 7168 4 ) (5515.896484 6697.687012 4 ) 
5 33 35 (5516.280762 6698.068359 4 ) (5987.349121 7168 4 ) (5987.337402 7168 196 ) (5519.198242 6700.988281 196 ) (5516.279785 6698.069824 56.489685 ) 
5 33 34 (5986.210938 7168 4 ) (5516.280762 6698.069824 4 ) (5516.280762 6698.069824 42.413132 ) (5519.510742 6701.299805 196 ) (5986.210938 7168 196 ) 
4 34 46 (5977.718750 7168 4 ) (5986.209961 7168 4 ) (5516.279785 6698.070313 4 ) (5512.030273 6702.310547 4 ) 
3 34 35 (5516.280273 6698.070313 56.513664 ) (5519.198242 6700.988281 196 ) (5516.276367 6698.073730 196 ) 
5 35 46 (5987.346680 7168 4 ) (6144 7168 4 ) (6144 6663.930176 4 ) (5847.200684 6367.141113 4 ) (5516.280273 6698.069824 4 ) 
4 35 36 (5847.201660 6367.139160 4 ) (6144 6663.928223 4 ) (6144 6663.929688 196 ) (5847.201660 6367.139160 196 ) 
4 36 46 (6144 6663.930176 4 ) (6144 6655.460449 4 ) (5851.445313 6362.906250 4 ) (5847.200195 6367.140625 4 ) 
4 37 47 (5434.693359 6625.606445 4 ) (5507.385254 6698.474121 4 ) (5507.789551 6698.069824 4 ) (5435.009766 6625.290039 4 ) 
4 37 45 (5261.721191 6452 196 ) (5261.612793 6452.108887 196 ) (5434.692383 6625.609375 4 ) (5435.010742 6625.291016 4 ) 
4 38 39 (5361.645508 6373.745117 184 ) (5276.800293 6458.590332 184 ) (5469.254395 6651.044922 184 ) (5554.108887 6566.200684 184 ) 
3 39 57 (5591.381348 6144 184 ) (5624.053223 6144 165.900162 ) (5624.053223 6144 184 ) 
5 39 44 (5624.053223 6144 165.901077 ) (5591.382813 6144 184 ) (5361.646973 6373.735840 184 ) (5524.111328 6536.190430 4 ) (5770.179688 6290.122070 4 ) 
5 40 57 (5400.005371 6144 124 ) (5624.053223 6144 124 ) (5624.053223 6144 154.307831 ) (5569.684570 6144 184 ) (5400.005371 6144 184 ) 
5 40 44 (5439.895996 6273.806152 184 ) (5569.687012 6144 184 ) (5624.067383 6144 154.302017 ) (5651.812500 6171.744629 124 ) (5494.829590 6328.746094 124 ) 
5 40 42 (5494.828613 6328.744629 124 ) (5651.804688 6171.750000 124 ) (5624.053711 6144 124 ) (5400.005371 6144 124 ) (5355.049805 6188.949707 124 ) 
4 40 41 (5494.824219 6328.738281 124 ) (5355.050781 6188.949219 124 ) (5355.050781 6188.949219 184 ) (5439.890625 6273.796875 184 ) 
4 41 44 (5350.811523 6362.901367 184 ) (5439.895996 6273.806152 184 ) (5494.829590 6328.746094 124 ) (5405.750000 6417.835938 124 ) 
4 41 43 (5181.109375 6362.890625 124 ) (5320.906250 6502.687500 124 ) (5494.828613 6328.744629 124 ) (5355.050293 6188.950684 124 ) 
4 42 59 (5391.513184 6144 124 ) (5391.513184 6144 4 ) (5400.016602 6144 4 ) (5400.016602 6144 124 ) 
4 42 58 (5400.016602 6144 4 ) (5624.053223 6144 4 ) (5624.053223 6144 124 ) (5400.016602 6144 124 ) 
4 42 44 (5494.829590 6328.746094 124 ) (5651.812500 6171.744629 124 ) (5761.687500 6281.616211 4 ) (5604.696289 6438.625488 4 ) 
4 42 43 (5355.050781 6188.949219 124 ) (5494.824219 6328.738281 124 ) (5604.691406 6438.618164 4 ) (5355.050781 6188.949219 4 ) 
4 43 44 (5405.750000 6417.835938 124 ) (5494.829590 6328.746094 124 ) (5604.696289 6438.625488 4 ) (5515.625977 6527.706055 4 ) 
4 44 57 (5624.053223 6144 154.307831 ) (5624.053223 6144 165.900162 ) (5591.381348 6144 184 ) (5569.684570 6144 184 ) 
3 45 47 (5172.602539 6362.881348 4 ) (5434.693359 6625.606445 4 ) (5435.009766 6625.290039 4 ) 
4 46 203 (5120 7094.351563 4 ) (5120 7168 4 ) (5120 7168 0 ) (5120 7094.351563 0 ) 
4 46 60 (6144 6144 0 ) (6144 6144 4 ) (6070.351563 6144 4 ) (6070.351563 6144 0 ) 
4 46 48 (5851.445313 6362.906250 0 ) (6070.351563 6144 0 ) (6070.351563 6144 4 ) (5851.445313 6362.906250 4 ) 
4 46 47 (5120 7094.351563 0 ) (5512.035645 6702.315918 0 ) (5512.035645 6702.315918 4 ) (5120 7094.351563 4 ) 
4 47 204 (5120 6310.279297 4 ) (5120 7047.007813 4 ) (5120 7047.007813 0 ) (5120 6310.279297 0 ) 
4 47 203 (5120 7047.007813 4 ) (5120 7094.351563 4 ) (5120 7094.351563 0 ) (5120 7047.007813 0 ) 
4 47 49 (5120 6310.281250 0 ) (5172.619629 6362.900879 0 ) (5172.619629 6362.900391 4 ) (5120 6310.280762 4 ) 
4 48 60 (6070.351563 6144 4 ) (5632.539063 6144 4 ) (5632.539063 6144 0 ) (6070.351563 6144 0 ) 
4 49 204 (5120 6144 0 ) (5120 6144 4 ) (5120 6310.279297 4 ) (5120 6310.279297 0 ) 
4 49 61 (5391.520508 6144 4 ) (5120 6144 4 ) (5120 6144 0 ) (5391.520508 6144 0 ) 
4 50 267 (7168 5120 0 ) (7168 5120 4200 ) (6144 5120 4200 ) (6144 5120 0 ) 
4 50 60 (6144 6144 4 ) (6144 6144 0 ) (6144 5120 0 ) (6144 5120 4 ) 
4 50 55 (6144 6144 196 ) (6144 6144 4 ) (6144 5120 4 ) (6144 5120 196 ) 
4 50 53 (6144 6144 244 ) (6144 6144 196 ) (6144 5391.520996 196 ) (6144 5391.520996 244 ) 
4 50 52 (6144 5391.520996 196 ) (6144 5120 196 ) (6144 5120 244 ) (6144 5391.520996 244 ) 
4 50 51 (6144 6144 4200 ) (6144 6144 244 ) (6144 5120 244 ) (6144 5120 4200 ) 
4 51 268 (6144 5120 244 ) (6144 5120 4200 ) (5120 5120 4200 ) (5120 5120 244 ) 
4 51 206 (5120 5120 244 ) (5120 5120 4200 ) (5120 6144 4200 ) (5120 6144 244 ) 
3 51 54 (5400 6144 244 ) (5624.049805 6144 244 ) (5512.025391 6031.975098 244 ) 
4 51 53 (5632.539063 6144 244 ) (6144 6144 244 ) (6144 5391.520996 244 ) (5512.030273 6023.490723 244 ) 
5 51 52 (6144 5120 244 ) (5120 5120 244 ) (5120 6144 244 ) (5391.520996 6144 244 ) (6144 5391.520996 244 ) 
4 52 268 (6144 5120 196 ) (6144 5120 244 ) (5120 5120 244 ) (5120 5120 196 ) 
4 52 210 (5120 6122.451172 244 ) (5120 6144 244 ) (5120 6144 196 ) (5120 6122.451172 196 ) 
4 52 208 (5120 5120 196 ) (5120 5120 244 ) (5120 6120.558594 244 ) (5120 6120.558594 196 ) 
4 52 207 (5120 6120.558594 244 ) (5120 6122.451172 244 ) (5120 6122.451172 196 ) (5120 6120.558594 196 ) 
4 52 56 (5120 5631.460938 196 ) (5120 6144 196 ) (5391.520996 6144 196 ) (5512.030273 6023.490723 196 ) 
5 52 55 (6144 5391.520996 196 ) (6144 5120 196 ) (5120 5120 196 ) (5120 5631.460938 196 ) (5512.030273 6023.490723 196 ) 
4 52 53 (6144 5391.523438 196 ) (5512.031250 6023.492188 196 ) (5512.033203 6023.494141 244 ) (6144 5391.527344 244 ) 
4 53 55 (6144 6144 196 ) (6144 5391.520996 196 ) (5512.030273 6023.490723 196 ) (5632.539063 6144 196 ) 
4 55 268 (6144 5120 4 ) (6144 5120 196 ) (5120 5120 196 ) (5120 5120 4 ) 
4 55 213 (5120 5120 4 ) (5120 5120 196 ) (5120 5631.460938 196 ) (5120 5631.460938 4 ) 
5 55 60 (6144 5120 4 ) (5120 5120 4 ) (5120 5631.460938 4 ) (5632.539063 6144 4 ) (6144 6144 4 ) 
4 55 56 (5512.034668 6023.495605 4 ) (5120 5631.460938 4 ) (5120 5631.460938 196 ) (5512.034668 6023.495605 196 ) 
4 56 213 (5120 5631.460938 196 ) (5120 6144 196 ) (5120 6144 4 ) (5120 5631.460938 4 ) 
4 56 61 (5120 5631.460938 4 ) (5120 6144 4 ) (5391.513672 6144 4 ) (5512.034668 6023.495605 4 ) 
4 56 59 (5435.665039 6099.855957 4 ) (5391.515137 6144 4 ) (5391.512695 6144 124 ) (5435.664551 6099.854980 124 ) 
3 57 58 (5624.050781 6144 124 ) (5512.032715 6031.985840 124 ) (5400.004883 6144 124 ) 
4 58 59 (5400.015625 6144 4 ) (5439.909668 6104.100586 4 ) (5439.909668 6104.100098 124 ) (5400.015137 6144 124 ) 
4 60 268 (6144 5120 0 ) (6144 5120 4 ) (5120 5120 4 ) (5120 5120 0 ) 
4 60 222 (5120 5120 0 ) (5120 5120 4 ) (5120 5631.460938 4 ) (5120 5631.460938 0 ) 
4 60 61 (5512.029785 6023.490723 0 ) (5120 5631.460938 0 ) (5120 5631.460938 4 ) (5512.029785 6023.490723 4 ) 
4 61 222 (5120 5631.460938 4 ) (5120 6130.966309 4 ) (5120 6130.966309 0 ) (5120 5631.460938 0 ) 
4 61 221 (5120 6130.966309 4 ) (5120 6144 4 ) (5120 6144 0 ) (5120 6130.966309 0 ) 
4 62 84 (4096 9216 0 ) (4096 9216 4200 ) (4096 9360 4200 ) (4096 9360 0 ) 
4 62 81 (5120 9216 0 ) (5120 9216 12 ) (4096 9216 12 ) (4096 9216 0 ) 
4 62 72 (5120 9216 12 ) (5120 9216 192 ) (4096 9216 192 ) (4096 9216 12 ) 
4 62 63 (5120 9216 192 ) (5120 9216 4200 ) (4096 9216 4200 ) (4096 9216 192 ) 
4 63 86 (4096 9216 4200 ) (4096 9216 192 ) (4096 8275.791016 192 ) (4096 8275.791016 4200 ) 
4 63 79 (4306 8275.791016 192 ) (4115.259766 8275.791016 192 ) (4115.259766 8281.791016 192 ) (4306 8281.791016 192 ) 
4 63 73 (5120 8281.791016 192 ) (5120 8275.791016 192 ) (4906 8275.791016 192 ) (4906 8281.791016 192 ) 
4 63 72 (5120 9216 192 ) (5120 8281.791016 192 ) (4096 8281.791016 192 ) (4096 9216 192 ) 
4 63 71 (4109.259766 8275.791016 192 ) (4444 8275.791016 192 ) (4444 8275.791016 198 ) (4109.259766 8275.791016 198 ) 
4 63 70 (4096 8275.791016 4200 ) (4096 8275.791016 198 ) (4522.870117 8275.791016 198 ) (4522.870117 8275.791016 4200 ) 
4 63 67 (4570.870117 8275.791016 192 ) (4576 8275.791016 192 ) (4576 8275.791016 252 ) (4570.870117 8275.791016 252 ) 
4 63 66 (4576 8275.791016 252 ) (4576 8275.791016 4200 ) (4522.870117 8275.791016 4200 ) (4522.870117 8275.791016 252 ) 
4 63 65 (4900 8275.791016 192 ) (5120 8275.791016 192 ) (5120 8275.791016 198 ) (4900 8275.791016 198 ) 
4 63 64 (5120 8275.791016 198 ) (5120 8275.791016 4200 ) (4576 8275.791016 4200 ) (4576 8275.791016 198 ) 
4 64 123 (5120 8192 198 ) (5120 8192 4200 ) (4576 8192 4200 ) (4576 8192 198 ) 
4 64 69 (4576 8227.111328 198 ) (4576 8192 198 ) (4576 8192 252 ) (4576 8227.111328 252 ) 
4 64 67 (4576 8275.791016 252 ) (4576 8275.791016 198 ) (4576 8227.111328 198 ) (4576 8227.111328 252 ) 
4 64 66 (4576 8275.791016 4200 ) (4576 8275.791016 252 ) (4576 8192 252 ) (4576 8192 4200 ) 
4 64 65 (4900 8275.791016 198 ) (5120 8275.791016 198 ) (5120 8192 198 ) (4900 8192 198 ) 
4 65 124 (5120 8192 192 ) (5120 8192 198 ) (4900 8192 198 ) (4900 8192 192 ) 
4 65 73 (5120 8275.791016 192 ) (5120 8192 192 ) (4906 8192 192 ) (4906 8275.791016 192 ) 
4 66 123 (4522.870117 8192 4200 ) (4522.870117 8192 252 ) (4576 8192 252 ) (4576 8192 4200 ) 
4 66 70 (4522.870117 8275.791016 4200 ) (4522.870117 8275.791016 252 ) (4522.870117 8192 252 ) (4522.870117 8192 4200 ) 
4 66 69 (4522.870117 8192 252 ) (4522.870117 8227.111328 252 ) (4576 8227.111328 252 ) (4576 8192 252 ) 
4 66 68 (4522.870117 8227.111328 252 ) (4522.870117 8271.791016 252 ) (4570.870117 8271.791016 252 ) (4570.870117 8227.111328 252 ) 
4 66 67 (4570.870117 8275.791016 252 ) (4576 8275.791016 252 ) (4576 8227.111328 252 ) (4570.870117 8227.111328 252 ) 
4 67 74 (4570.870117 8275.791016 192 ) (4576 8275.791016 192 ) (4576 8227.111328 192 ) (4570.870117 8227.111328 192 ) 
4 67 69 (4576 8227.111328 198 ) (4576 8227.111328 252 ) (4570.870117 8227.111328 252 ) (4570.870117 8227.111328 198 ) 
4 67 68 (4570.870117 8227.111328 192 ) (4570.870117 8227.111328 252 ) (4570.870117 8271.791016 252 ) (4570.870117 8271.791016 192 ) 
4 68 75 (4522.870117 8227.111328 192 ) (4522.870117 8271.791016 192 ) (4570.870117 8271.791016 192 ) (4570.870117 8227.111328 192 ) 
4 68 70 (4522.870117 8227.111328 198 ) (4522.870117 8227.111328 252 ) (4522.870117 8271.791016 252 ) (4522.870117 8271.791016 198 ) 
4 68 69 (4570.870117 8227.111328 252 ) (4522.870117 8227.111328 252 ) (4522.870117 8227.111328 198 ) (4570.870117 8227.111328 198 ) 
4 69 123 (4522.870117 8192 252 ) (4522.870117 8192 198 ) (4576 8192 198 ) (4576 8192 252 ) 
4 69 70 (4522.870117 8192 198 ) (4522.870117 8192 252 ) (4522.870117 8227.111328 252 ) (4522.870117 8227.111328 198 ) 
4 70 123 (4096 8192 4200 ) (4096 8192 198 ) (4522.870117 8192 198 ) (4522.870117 8192 4200 ) 
4 70 87 (4096 8192 198 ) (4096 8192 4200 ) (4096 8275.791016 4200 ) (4096 8275.791016 198 ) 
4 70 71 (4109.259766 8275.791016 198 ) (4444 8275.791016 198 ) (4444 8192 198 ) (4109.259766 8192 198 ) 
4 71 130 (4109.259766 8192 192 ) (4312 8192 192 ) (4312 8192 198 ) (4109.259766 8192 198 ) 
4 71 128 (4312 8192 192 ) (4444 8192 192 ) (4444 8192 198 ) (4312 8192 198 ) 
4 71 79 (4306 8192 192 ) (4115.259766 8192 192 ) (4115.259766 8275.791016 192 ) (4306 8275.791016 192 ) 
4 71 77 (4444 8192 192 ) (4312 8192 192 ) (4312 8275.791016 192 ) (4444 8275.791016 192 ) 
4 72 94 (4096 8281.791016 192 ) (4096 9216 192 ) (4096 9216 12 ) (4096 8281.791016 12 ) 
4 72 81 (4096 8281.791016 12 ) (4096 9216 12 ) (5120 9216 12 ) (5120 8281.791016 12 ) 
4 72 79 (4115.259766 8281.791016 12 ) (4306 8281.791016 12 ) (4306 8281.791016 192 ) (4115.259766 8281.791016 192 ) 
4 72 73 (4906 8281.791016 12 ) (5120 8281.791016 12 ) (5120 8281.791016 192 ) (4906 8281.791016 192 ) 
4 73 132 (5120 8192 12 ) (5120 8192 192 ) (4906 8192 192 ) (4906 8192 12 ) 
4 73 82 (5120 8192 12 ) (4906 8192 12 ) (4906 8281.791016 12 ) (5120 8281.791016 12 ) 
4 74 133 (4900 8192 192 ) (4570.870117 8192 192 ) (4570.870117 8192 12 ) (4900 8192 12 ) 
4 74 75 (4570.870117 8271.791016 12 ) (4570.870117 8192 12 ) (4570.870117 8192 192 ) (4570.870117 8271.791016 192 ) 
4 75 133 (4570.870117 8192 192 ) (4522.870117 8192 192 ) (4522.870117 8192 12 ) (4570.870117 8192 12 ) 
4 75 76 (4522.870117 8271.791016 12 ) (4522.870117 8192 12 ) (4522.870117 8192 192 ) (4522.870117 8271.791016 192 ) 
4 76 133 (4522.870117 8192 192 ) (4444 8192 192 ) (4444 8192 12 ) (4522.870117 8192 12 ) 
3 76 78 (4444 8205.139648 12 ) (4444 8192 12 ) (4444 8192 21.335381 ) 
5 76 77 (4444 8275.791016 192 ) (4444 8275.791016 12 ) (4444 8211.140625 12 ) (4444 8192 25.726952 ) (4444 8192 192 ) 
4 77 134 (4444 8192 192 ) (4312 8192 192 ) (4312 8192 25.726944 ) (4444 8192 25.726952 ) 
4 78 135 (4312 8192 21.335377 ) (4312 8192 12 ) (4444 8192 12 ) (4444 8192 21.335381 ) 
4 79 136 (4306 8192 192 ) (4115.259766 8192 192 ) (4115.259766 8192 12 ) (4306 8192 12 ) 
4 79 83 (4306 8192 12 ) (4115.259766 8192 12 ) (4115.259766 8281.791016 12 ) (4306 8281.791016 12 ) 
4 80 137 (4109.259766 8192 192 ) (4096 8192 192 ) (4096 8192 12 ) (4109.259766 8192 12 ) 
4 80 95 (4096 8192 12 ) (4096 8192 192 ) (4096 8275.791016 192 ) (4096 8275.791016 12 ) 
4 81 103 (4096 8281.791016 12 ) (4096 9216 12 ) (4096 9216 0 ) (4096 8281.791016 0 ) 
4 81 82 (4906 8281.791016 0 ) (5120 8281.791016 0 ) (5120 8281.791016 12 ) (4906 8281.791016 12 ) 
4 81 83 (4115.259766 8281.791016 0 ) (4306 8281.791016 0 ) (4306 8281.791016 12 ) (4115.259766 8281.791016 12 ) 
4 82 142 (5120 8192 0 ) (5120 8192 12 ) (4906 8192 12 ) (4906 8192 0 ) 
4 83 143 (4306 8192 12 ) (4115.259766 8192 12 ) (4115.259766 8192 0 ) (4306 8192 0 ) 
4 84 103 (4096 9216 0 ) (4096 9216 12 ) (3072 9216 12 ) (3072 9216 0 ) 
4 84 100 (3521.260254 9216 192 ) (3072 9216 192 ) (3072 9216 12 ) (3521.260254 9216 12 ) 
4 84 94 (4096 9216 12 ) (4096 9216 192 ) (3521.260254 9216 192 ) (3521.260254 9216 12 ) 
4 84 86 (4096 9216 192 ) (4096 9216 4200 ) (3072 9216 4200 ) (3072 9216 192 ) 
4 84 85 (3072 9216 0 ) (3072 9216 4200 ) (3072 9360 4200 ) (3072 9360 0 ) 
4 85 250 (2048 9216 0 ) (2048 9216 4200 ) (2048 9360 4200 ) (2048 9360 0 ) 
4 85 121 (2729.129883 9216 0 ) (3072 9216 0 ) (3072 9216 12 ) (2729.129883 9216 12 ) 
4 85 122 (2048 9216 12 ) (2048 9216 0 ) (2729.129883 9216 0 ) (2729.129883 9216 12 ) 
4 85 118 (2729.129883 9216 12 ) (2735.129883 9216 12 ) (2735.129883 9216 4200 ) (2729.129883 9216 4200 ) 
4 85 120 (2048 9216 4200 ) (2048 9216 12 ) (2729.129883 9216 12 ) (2729.129883 9216 4200 ) 
4 85 106 (2735.129883 9216 12 ) (3072 9216 12 ) (3072 9216 192 ) (2735.129883 9216 192 ) 
4 85 105 (3072 9216 192 ) (3072 9216 4200 ) (2735.129883 9216 4200 ) (2735.129883 9216 192 ) 
4 86 105 (3072 9216 4200 ) (3072 9216 192 ) (3072 8275.791016 192 ) (3072 8275.791016 4200 ) 
4 86 101 (3329.129883 8281.791016 192 ) (3515.260254 8281.791016 192 ) (3515.260254 8275.791016 192 ) (3329.129883 8275.791016 192 ) 
4 86 100 (3072 8281.791016 192 ) (3072 9216 192 ) (3521.260254 9216 192 ) (3521.260254 8281.791016 192 ) 
4 86 94 (3521.260254 9216 192 ) (4096 9216 192 ) (4096 8281.791016 192 ) (3521.260254 8281.791016 192 ) 
4 86 93 (3323.129883 8275.791016 192 ) (3653.260254 8275.791016 192 ) (3653.260254 8275.791016 198 ) (3323.129883 8275.791016 198 ) 
4 86 92 (3732.120117 8275.791016 198 ) (3732.120117 8275.791016 4200 ) (3072 8275.791016 4200 ) (3072 8275.791016 198 ) 
4 86 89 (3780.120117 8275.791016 192 ) (3785.260254 8275.791016 192 ) (3785.260254 8275.791016 252 ) (3780.120117 8275.791016 252 ) 
4 86 88 (3785.260254 8275.791016 252 ) (3785.260254 8275.791016 4200 ) (3732.120117 8275.791016 4200 ) (3732.120117 8275.791016 252 ) 
4 86 87 (4096 8275.791016 198 ) (4096 8275.791016 4200 ) (3785.260254 8275.791016 4200 ) (3785.260254 8275.791016 198 ) 
4 87 145 (4096 8192 198 ) (4096 8192 4200 ) (3785.260254 8192 4200 ) (3785.260254 8192 198 ) 
4 87 91 (3785.260254 8227.111328 198 ) (3785.260254 8192 198 ) (3785.260254 8192 252 ) (3785.260254 8227.111328 252 ) 
4 87 89 (3785.260254 8275.791016 252 ) (3785.260254 8275.791016 198 ) (3785.260254 8227.111328 198 ) (3785.260254 8227.111328 252 ) 
4 87 88 (3785.260254 8275.791016 4200 ) (3785.260254 8275.791016 252 ) (3785.260254 8192 252 ) (3785.260254 8192 4200 ) 
4 88 145 (3732.120117 8192 4200 ) (3732.120117 8192 252 ) (3785.260254 8192 252 ) (3785.260254 8192 4200 ) 
4 88 92 (3732.120117 8275.791016 4200 ) (3732.120117 8275.791016 252 ) (3732.120117 8192 252 ) (3732.120117 8192 4200 ) 
4 88 91 (3732.120117 8192 252 ) (3732.120117 8227.111328 252 ) (3785.260254 8227.111328 252 ) (3785.260254 8192 252 ) 
4 88 90 (3732.120117 8227.111328 252 ) (3732.120117 8271.791016 252 ) (3780.120117 8271.791016 252 ) (3780.120117 8227.111328 252 ) 
4 88 89 (3780.120117 8275.791016 252 ) (3785.260254 8275.791016 252 ) (3785.260254 8227.111328 252 ) (3780.120117 8227.111328 252 ) 
4 89 95 (3780.120117 8275.791016 192 ) (3785.260254 8275.791016 192 ) (3785.260254 8227.111328 192 ) (3780.120117 8227.111328 192 ) 
4 89 91 (3785.260254 8227.111328 198 ) (3785.260254 8227.111328 252 ) (3780.120117 8227.111328 252 ) (3780.120117 8227.111328 198 ) 
4 89 90 (3780.120117 8227.111328 192 ) (3780.120117 8227.111328 252 ) (3780.120117 8271.791016 252 ) (3780.120117 8271.791016 192 ) 
4 90 96 (3732.120117 8227.111328 192 ) (3732.120117 8271.791016 192 ) (3780.120117 8271.791016 192 ) (3780.120117 8227.111328 192 ) 
4 90 92 (3732.120117 8227.111328 198 ) (3732.120117 8227.111328 252 ) (3732.120117 8271.791016 252 ) (3732.120117 8271.791016 198 ) 
4 90 91 (3780.120117 8227.111328 252 ) (3732.120117 8227.111328 252 ) (3732.120117 8227.111328 198 ) (3780.120117 8227.111328 198 ) 
4 91 145 (3732.120117 8192 252 ) (3732.120117 8192 198 ) (3785.260254 8192 198 ) (3785.260254 8192 252 ) 
4 91 92 (3732.120117 8192 198 ) (3732.120117 8192 252 ) (3732.120117 8227.111328 252 ) (3732.120117 8227.111328 198 ) 
4 92 145 (3072 8192 4200 ) (3072 8192 198 ) (3732.120117 8192 198 ) (3732.120117 8192 4200 ) 
4 92 107 (3072 8192 198 ) (3072 8192 4200 ) (3072 8275.791016 4200 ) (3072 8275.791016 198 ) 
4 92 93 (3323.129883 8275.791016 198 ) (3653.260254 8275.791016 198 ) (3653.260254 8192 198 ) (3323.129883 8192 198 ) 
4 93 151 (3323.129883 8192 192 ) (3521.260254 8192 192 ) (3521.260254 8192 198 ) (3323.129883 8192 198 ) 
4 93 149 (3521.260254 8192 192 ) (3653.260254 8192 192 ) (3653.260254 8192 198 ) (3521.260254 8192 198 ) 
4 93 101 (3515.260254 8192 192 ) (3329.129883 8192 192 ) (3329.129883 8275.791016 192 ) (3515.260254 8275.791016 192 ) 
4 93 98 (3653.260254 8192 192 ) (3521.260254 8192 192 ) (3521.260254 8275.791016 192 ) (3653.260254 8275.791016 192 ) 
4 94 103 (3521.260254 9216 12 ) (4096 9216 12 ) (4096 8281.791016 12 ) (3521.260254 8281.791016 12 ) 
4 94 100 (3521.260254 9216 12 ) (3521.260254 8281.791016 12 ) (3521.260254 8281.791016 192 ) (3521.260254 9216 192 ) 
4 95 153 (4096 8192 12 ) (4096 8192 192 ) (3780.120117 8192 192 ) (3780.120117 8192 12 ) 
4 95 96 (3780.120117 8271.791016 12 ) (3780.120117 8192 12 ) (3780.120117 8192 192 ) (3780.120117 8271.791016 192 ) 
4 96 153 (3780.120117 8192 192 ) (3732.120117 8192 192 ) (3732.120117 8192 12 ) (3780.120117 8192 12 ) 
4 96 97 (3732.120117 8271.791016 12 ) (3732.120117 8192 12 ) (3732.120117 8192 192 ) (3732.120117 8271.791016 192 ) 
4 97 153 (3732.120117 8192 192 ) (3653.260254 8192 192 ) (3653.260254 8192 12 ) (3732.120117 8192 12 ) 
3 97 99 (3653.260254 8205.139648 12 ) (3653.260254 8192 12 ) (3653.260254 8192 21.335381 ) 
5 97 98 (3653.260254 8275.791016 192 ) (3653.260254 8275.791016 12 ) (3653.260254 8211.140625 12 ) (3653.260254 8192 25.726952 ) (3653.260254 8192 192 ) 
4 98 154 (3653.260254 8192 192 ) (3521.260254 8192 192 ) (3521.260254 8192 25.726944 ) (3653.260254 8192 25.726952 ) 
4 99 155 (3521.260254 8192 21.335377 ) (3521.260254 8192 12 ) (3653.260254 8192 12 ) (3653.260254 8192 21.335381 ) 
4 100 106 (3072 9216 192 ) (3072 9216 12 ) (3072 8281.791016 12 ) (3072 8281.791016 192 ) 
4 100 103 (3072 9216 12 ) (3521.260254 9216 12 ) (3521.260254 8281.791016 12 ) (3072 8281.791016 12 ) 
4 100 101 (3329.129883 8281.791016 12 ) (3515.260254 8281.791016 12 ) (3515.260254 8281.791016 192 ) (3329.129883 8281.791016 192 ) 
4 101 156 (3515.260254 8192 192 ) (3329.129883 8192 192 ) (3329.129883 8192 12 ) (3515.260254 8192 12 ) 
4 101 104 (3515.260254 8192 12 ) (3329.129883 8192 12 ) (3329.129883 8281.791016 12 ) (3515.260254 8281.791016 12 ) 
4 102 157 (3323.129883 8192 192 ) (3072 8192 192 ) (3072 8192 12 ) (3323.129883 8192 12 ) 
4 102 108 (3072 8275.791016 12 ) (3072 8192 12 ) (3072 8192 192 ) (3072 8275.791016 192 ) 
4 103 121 (3072 9216 12 ) (3072 9216 0 ) (3072 8281.791016 0 ) (3072 8281.791016 12 ) 
4 103 104 (3329.129883 8281.791016 0 ) (3515.260254 8281.791016 0 ) (3515.260254 8281.791016 12 ) (3329.129883 8281.791016 12 ) 
4 104 162 (3515.260254 8192 12 ) (3329.129883 8192 12 ) (3329.129883 8192 0 ) (3515.260254 8192 0 ) 
4 105 119 (2735.129883 8281.791016 192 ) (2735.129883 8275.791016 192 ) (2735.129883 8275.791016 4200 ) (2735.129883 8281.791016 4200 ) 
4 105 118 (2735.129883 9216 4200 ) (2735.129883 9216 192 ) (2735.129883 8281.791016 192 ) (2735.129883 8281.791016 4200 ) 
4 105 116 (2735.129883 8275.791016 4200 ) (2735.129883 8275.791016 192 ) (2867.129883 8275.791016 192 ) (2867.129883 8275.791016 4200 ) 
4 105 114 (2945.989990 8275.791016 198 ) (2945.989990 8275.791016 4200 ) (2867.129883 8275.791016 4200 ) (2867.129883 8275.791016 198 ) 
4 105 110 (2993.989990 8275.791016 192 ) (2999.129883 8275.791016 192 ) (2999.129883 8275.791016 252 ) (2993.989990 8275.791016 252 ) 
4 105 109 (2999.129883 8275.791016 252 ) (2999.129883 8275.791016 4200 ) (2945.989990 8275.791016 4200 ) (2945.989990 8275.791016 252 ) 
4 105 107 (3072 8275.791016 198 ) (3072 8275.791016 4200 ) (2999.129883 8275.791016 4200 ) (2999.129883 8275.791016 198 ) 
4 105 106 (2735.129883 8281.791016 192 ) (2735.129883 9216 192 ) (3072 9216 192 ) (3072 8281.791016 192 ) 
4 106 121 (2735.129883 9216 12 ) (3072 9216 12 ) (3072 8281.791016 12 ) (2735.129883 8281.791016 12 ) 
4 106 118 (2735.129883 9216 192 ) (2735.129883 9216 12 ) (2735.129883 8281.791016 12 ) (2735.129883 8281.791016 192 ) 
4 107 164 (3072 8192 198 ) (3072 8192 4200 ) (2999.129883 8192 4200 ) (2999.129883 8192 198 ) 
4 107 112 (2999.129883 8227.111328 198 ) (2999.129883 8192 198 ) (2999.129883 8192 252 ) (2999.129883 8227.111328 252 ) 
4 107 110 (2999.129883 8275.791016 252 ) (2999.129883 8275.791016 198 ) (2999.129883 8227.111328 198 ) (2999.129883 8227.111328 252 ) 
4 107 109 (2999.129883 8275.791016 4200 ) (2999.129883 8275.791016 252 ) (2999.129883 8192 252 ) (2999.129883 8192 4200 ) 
4 108 171 (3072 8192 12 ) (3072 8192 192 ) (2999.129883 8192 192 ) (2999.129883 8192 12 ) 
4 108 113 (2999.129883 8227.111328 12 ) (2999.129883 8192 12 ) (2999.129883 8192 192 ) (2999.129883 8227.111328 192 ) 
4 108 110 (2999.129883 8275.791016 192 ) (2999.129883 8275.791016 12 ) (2999.129883 8227.111328 12 ) (2999.129883 8227.111328 192 ) 
4 109 164 (2945.989990 8192 4200 ) (2945.989990 8192 252 ) (2999.129883 8192 252 ) (2999.129883 8192 4200 ) 
4 109 114 (2945.989990 8275.791016 4200 ) (2945.989990 8275.791016 252 ) (2945.989990 8192 252 ) (2945.989990 8192 4200 ) 
4 109 112 (2945.989990 8192 252 ) (2945.989990 8227.111328 252 ) (2999.129883 8227.111328 252 ) (2999.129883 8192 252 ) 
4 109 111 (2945.989990 8227.111328 252 ) (2945.989990 8271.791016 252 ) (2993.989990 8271.791016 252 ) (2993.989990 8227.111328 252 ) 
4 109 110 (2993.989990 8275.791016 252 ) (2999.129883 8275.791016 252 ) (2999.129883 8227.111328 252 ) (2993.989990 8227.111328 252 ) 
4 110 112 (2999.129883 8227.111328 198 ) (2999.129883 8227.111328 252 ) (2993.989990 8227.111328 252 ) (2993.989990 8227.111328 198 ) 
4 110 113 (2999.129883 8227.111328 12 ) (2999.129883 8227.111328 192 ) (2993.989990 8227.111328 192 ) (2993.989990 8227.111328 12 ) 
4 110 111 (2993.989990 8227.111328 12 ) (2993.989990 8227.111328 252 ) (2993.989990 8271.791016 252 ) (2993.989990 8271.791016 12 ) 
4 111 115 (2945.989990 8271.791016 12 ) (2945.989990 8227.111328 12 ) (2945.989990 8227.111328 192 ) (2945.989990 8271.791016 192 ) 
4 111 114 (2945.989990 8227.111328 198 ) (2945.989990 8227.111328 252 ) (2945.989990 8271.791016 252 ) (2945.989990 8271.791016 198 ) 
4 111 112 (2993.989990 8227.111328 252 ) (2945.989990 8227.111328 252 ) (2945.989990 8227.111328 198 ) (2993.989990 8227.111328 198 ) 
4 111 113 (2945.989990 8227.111328 192 ) (2945.989990 8227.111328 12 ) (2993.989990 8227.111328 12 ) (2993.989990 8227.111328 192 ) 
4 112 164 (2945.989990 8192 252 ) (2945.989990 8192 198 ) (2999.129883 8192 198 ) (2999.129883 8192 252 ) 
4 112 114 (2945.989990 8192 198 ) (2945.989990 8192 252 ) (2945.989990 8227.111328 252 ) (2945.989990 8227.111328 198 ) 
4 113 171 (2945.989990 8192 192 ) (2945.989990 8192 12 ) (2999.129883 8192 12 ) (2999.129883 8192 192 ) 
4 113 115 (2945.989990 8227.111328 12 ) (2945.989990 8192 12 ) (2945.989990 8192 192 ) (2945.989990 8227.111328 192 ) 
4 114 164 (2867.129883 8192 4200 ) (2867.129883 8192 198 ) (2945.989990 8192 198 ) (2945.989990 8192 4200 ) 
4 114 116 (2867.129883 8275.791016 4200 ) (2867.129883 8275.791016 198 ) (2867.129883 8192 198 ) (2867.129883 8192 4200 ) 
4 115 171 (2867.129883 8192 192 ) (2867.129883 8192 12 ) (2945.989990 8192 12 ) (2945.989990 8192 192 ) 
3 115 117 (2867.129883 8205.139648 12 ) (2867.129883 8192 12 ) (2867.129883 8192 21.335381 ) 
5 115 116 (2867.129883 8275.791016 192 ) (2867.129883 8275.791016 12 ) (2867.129883 8211.140625 12 ) (2867.129883 8192 25.726952 ) (2867.129883 8192 192 ) 
4 116 172 (2735.129883 8192 192 ) (2735.129883 8192 25.727051 ) (2867.129883 8192 25.726936 ) (2867.129883 8192 192 ) 
4 116 168 (2735.129883 8192 198 ) (2735.129883 8192 192 ) (2867.129883 8192 192 ) (2867.129883 8192 198 ) 
4 116 164 (2735.129883 8192 4200 ) (2735.129883 8192 198 ) (2867.129883 8192 198 ) (2867.129883 8192 4200 ) 
4 116 119 (2735.129883 8192 192 ) (2735.129883 8192 4200 ) (2735.129883 8275.791016 4200 ) (2735.129883 8275.791016 192 ) 
4 117 173 (2735.129883 8192 21.335449 ) (2735.129883 8192 12 ) (2867.129883 8192 12 ) (2867.129883 8192 21.335371 ) 
4 118 121 (2729.129883 9216 12 ) (2735.129883 9216 12 ) (2735.129883 8281.791016 12 ) (2729.129883 8281.791016 12 ) 
4 118 119 (2729.129883 8281.791016 4200 ) (2729.129883 8281.791016 192 ) (2735.129883 8281.791016 192 ) (2735.129883 8281.791016 4200 ) 
4 118 120 (2729.129883 9216 12 ) (2729.129883 8281.791016 12 ) (2729.129883 8281.791016 4200 ) (2729.129883 9216 4200 ) 
4 119 170 (2735.129883 8192 192 ) (2735.129883 8192 198 ) (2729.129883 8192 198 ) (2729.129883 8192 192 ) 
4 119 164 (2735.129883 8192 198 ) (2735.129883 8192 4200 ) (2729.129883 8192 4200 ) (2729.129883 8192 198 ) 
4 119 120 (2729.129883 8192 192 ) (2729.129883 8192 4200 ) (2729.129883 8281.791016 4200 ) (2729.129883 8281.791016 192 ) 
4 120 252 (2048 8192 12 ) (2048 8192 4200 ) (2048 9216 4200 ) (2048 9216 12 ) 
4 120 174 (2048 8192 192 ) (2048 8192 12 ) (2729.129883 8192 12 ) (2729.129883 8192 192 ) 
4 120 170 (2048 8192 198 ) (2048 8192 192 ) (2729.129883 8192 192 ) (2729.129883 8192 198 ) 
4 120 164 (2048 8192 4200 ) (2048 8192 198 ) (2729.129883 8192 198 ) (2729.129883 8192 4200 ) 
4 120 122 (2048 8192 12 ) (2048 9216 12 ) (2729.129883 9216 12 ) (2729.129883 8192 12 ) 
4 121 122 (2729.129883 9216 0 ) (2729.129883 8281.791016 0 ) (2729.129883 8281.791016 12 ) (2729.129883 9216 12 ) 
4 122 252 (2048 8192 0 ) (2048 8192 12 ) (2048 9216 12 ) (2048 9216 0 ) 
4 122 180 (2729.129883 8192 12 ) (2048 8192 12 ) (2048 8192 0 ) (2729.129883 8192 0 ) 
4 123 183 (5120 7168 198 ) (5120 7168 244 ) (4096 7168 244 ) (4096 7168 198 ) 
4 123 181 (5120 7168 244 ) (5120 7168 4200 ) (4096 7168 4200 ) (4096 7168 244 ) 
4 123 145 (4096 7168 198 ) (4096 7168 4200 ) (4096 8192 4200 ) (4096 8192 198 ) 
4 123 131 (4096 7168 198 ) (4096 7807.790527 198 ) (4109.259766 7807.790527 198 ) (4109.259766 7168 198 ) 
4 123 130 (4109.259766 8192 198 ) (4312 8192 198 ) (4312 7168 198 ) (4109.259766 7168 198 ) 
4 123 128 (4312 8192 198 ) (4444 8192 198 ) (4444 7951.790527 198 ) (4312 7951.790527 198 ) 
4 123 129 (4444 7807.790527 198 ) (4444 7168 198 ) (4312 7168 198 ) (4312 7807.790527 198 ) 
4 123 127 (4522.870117 7807.790527 198 ) (4522.870117 7168 198 ) (4444 7168 198 ) (4444 7807.790527 198 ) 
4 123 126 (4576 7807.790527 198 ) (4576 7168 198 ) (4522.870117 7168 198 ) (4522.870117 7807.790527 198 ) 
4 123 125 (4900 7807.790527 198 ) (4900 7168 198 ) (4576 7168 198 ) (4576 7807.790527 198 ) 
4 123 124 (4900 8192 198 ) (5120 8192 198 ) (5120 7168 198 ) (4900 7168 198 ) 
4 124 186 (5120 7168 192 ) (5120 7168 196 ) (4900 7168 196 ) (4900 7168 192 ) 
4 124 183 (5120 7168 196 ) (5120 7168 198 ) (4900 7168 198 ) (4900 7168 196 ) 
4 124 138 (4906 7807.790527 192 ) (5120 7807.790527 192 ) (5120 7801.790527 192 ) (4906 7801.790527 192 ) 
4 124 141 (5120 7168 192 ) (4900 7168 192 ) (4900 7801.790527 192 ) (5120 7801.790527 192 ) 
4 124 132 (4906 8192 192 ) (5120 8192 192 ) (5120 7807.790527 192 ) (4906 7807.790527 192 ) 
4 124 125 (4900 7807.790527 192 ) (4900 7168 192 ) (4900 7168 198 ) (4900 7807.790527 198 ) 
4 125 186 (4576 7168 196 ) (4576 7168 192 ) (4900 7168 192 ) (4900 7168 196 ) 
4 125 183 (4900 7168 198 ) (4576 7168 198 ) (4576 7168 196 ) (4900 7168 196 ) 
4 125 141 (4900 7168 192 ) (4576 7168 192 ) (4576 7801.790527 192 ) (4900 7801.790527 192 ) 
4 125 126 (4576 7807.790527 192 ) (4576 7168 192 ) (4576 7168 198 ) (4576 7807.790527 198 ) 
4 126 186 (4522.870117 7168 196 ) (4522.870117 7168 192 ) (4576 7168 192 ) (4576 7168 196 ) 
4 126 183 (4576 7168 198 ) (4522.870117 7168 198 ) (4522.870117 7168 196 ) (4576 7168 196 ) 
4 126 141 (4576 7168 192 ) (4522.870117 7168 192 ) (4522.870117 7801.790527 192 ) (4576 7801.790527 192 ) 
4 126 127 (4522.870117 7807.790527 192 ) (4522.870117 7168 192 ) (4522.870117 7168 198 ) (4522.870117 7807.790527 198 ) 
4 127 186 (4444 7168 196 ) (4444 7168 192 ) (4522.870117 7168 192 ) (4522.870117 7168 196 ) 
4 127 183 (4522.870117 7168 198 ) (4444 7168 198 ) (4444 7168 196 ) (4522.870117 7168 196 ) 
4 127 141 (4522.870117 7168 192 ) (4444 7168 192 ) (4444 7801.790527 192 ) (4522.870117 7801.790527 192 ) 
4 127 129 (4444 7807.790527 192 ) (4444 7168 192 ) (4444 7168 198 ) (4444 7807.790527 198 ) 
4 128 134 (4312 7960.157227 192 ) (4312 8192 192 ) (4444 8192 192 ) (4444 7960.157227 192 ) 
4 128 130 (4312 8192 192 ) (4312 7960.157227 192 ) (4312 7951.790527 198 ) (4312 8192 198 ) 
4 129 186 (4312 7168 196 ) (4312 7168 192 ) (4444 7168 192 ) (4444 7168 196 ) 
4 129 183 (4444 7168 198 ) (4312 7168 198 ) (4312 7168 196 ) (4444 7168 196 ) 
4 129 141 (4444 7168 192 ) (4312 7168 192 ) (4312 7801.790527 192 ) (4444 7801.790527 192 ) 
4 129 130 (4312 7807.790527 192 ) (4312 7168 192 ) (4312 7168 198 ) (4312 7807.790527 198 ) 
4 130 186 (4109.259766 7168 196 ) (4109.259766 7168 192 ) (4312 7168 192 ) (4312 7168 196 ) 
4 130 183 (4312 7168 198 ) (4109.259766 7168 198 ) (4109.259766 7168 196 ) (4312 7168 196 ) 
4 130 140 (4115.259766 7807.790527 192 ) (4306 7807.790527 192 ) (4306 7801.790527 192 ) (4115.259766 7801.790527 192 ) 
4 130 141 (4312 7168 192 ) (4109.259766 7168 192 ) (4109.259766 7801.790527 192 ) (4312 7801.790527 192 ) 
4 130 136 (4115.259766 8192 192 ) (4306 8192 192 ) (4306 7807.790527 192 ) (4115.259766 7807.790527 192 ) 
4 130 131 (4109.259766 7807.790527 192 ) (4109.259766 7168 192 ) (4109.259766 7168 198 ) (4109.259766 7807.790527 198 ) 
4 131 186 (4096 7168 196 ) (4096 7168 192 ) (4109.259766 7168 192 ) (4109.259766 7168 196 ) 
4 131 183 (4109.259766 7168 198 ) (4096 7168 198 ) (4096 7168 196 ) (4109.259766 7168 196 ) 
4 131 146 (4096 7168 192 ) (4096 7168 198 ) (4096 7807.790527 198 ) (4096 7807.790527 192 ) 
4 131 141 (4109.259766 7168 192 ) (4096 7168 192 ) (4096 7801.790527 192 ) (4109.259766 7801.790527 192 ) 
4 132 142 (4906 8192 12 ) (5120 8192 12 ) (5120 7807.790527 12 ) (4906 7807.790527 12 ) 
4 132 138 (4906 7807.790527 12 ) (5120 7807.790527 12 ) (5120 7807.790527 192 ) (4906 7807.790527 192 ) 
4 133 139 (4530.759766 7807.790527 12 ) (4666 7807.790527 12 ) (4666 7807.790527 144 ) (4530.759766 7807.790527 144 ) 
5 133 135 (4444 8192 12 ) (4444 7807.790527 12 ) (4444 7807.790527 192 ) (4444 7951.790039 192 ) (4444 8192 21.335377 ) 
3 133 134 (4444 7960.157227 192 ) (4444 8192 192 ) (4444 8192 25.726944 ) 
4 136 143 (4115.259766 8192 12 ) (4306 8192 12 ) (4306 7807.790527 12 ) (4115.259766 7807.790527 12 ) 
4 136 140 (4115.259766 7807.790527 12 ) (4306 7807.790527 12 ) (4306 7807.790527 192 ) (4115.259766 7807.790527 192 ) 
4 137 153 (4096 7807.790527 192 ) (4096 8192 192 ) (4096 8192 12 ) (4096 7807.790527 12 ) 
4 138 142 (4906 7807.790527 12 ) (5120 7807.790527 12 ) (5120 7801.790527 12 ) (4906 7801.790527 12 ) 
4 138 141 (4906 7801.790527 12 ) (5120 7801.790527 12 ) (5120 7801.790527 192 ) (4906 7801.790527 192 ) 
4 139 141 (4530.759766 7801.790527 12 ) (4666 7801.790527 12 ) (4666 7801.790527 144 ) (4530.759766 7801.790527 144 ) 
4 140 143 (4115.259766 7807.790527 12 ) (4306 7807.790527 12 ) (4306 7801.790527 12 ) (4115.259766 7801.790527 12 ) 
4 140 141 (4115.259766 7801.790527 12 ) (4306 7801.790527 12 ) (4306 7801.790527 192 ) (4115.259766 7801.790527 192 ) 
4 141 186 (5120 7168 12 ) (5120 7168 192 ) (4096 7168 192 ) (4096 7168 12 ) 
4 141 161 (4096 7168 12 ) (4096 7168 192 ) (4096 7801.790527 192 ) (4096 7801.790527 12 ) 
4 141 144 (4096 7168 12 ) (4096 7801.790527 12 ) (5120 7801.790527 12 ) (5120 7168 12 ) 
4 142 144 (4906 7801.790527 0 ) (5120 7801.790527 0 ) (5120 7801.790527 12 ) (4906 7801.790527 12 ) 
4 143 144 (4115.259766 7801.790527 0 ) (4306 7801.790527 0 ) (4306 7801.790527 12 ) (4115.259766 7801.790527 12 ) 
4 144 203 (5120 7168 0 ) (5120 7168 4 ) (4096 7168 4 ) (4096 7168 0 ) 
4 144 186 (5120 7168 4 ) (5120 7168 12 ) (4096 7168 12 ) (4096 7168 4 ) 
4 144 163 (4096 7168 0 ) (4096 7168 12 ) (4096 7801.790527 12 ) (4096 7801.790527 0 ) 
4 145 227 (4096 7168 198 ) (4096 7168 244 ) (3504.811523 7168 244 ) (3504.807129 7168 198 ) 
4 145 224 (3504.811523 7168 244 ) (3072 7168 244 ) (3072 7168 198 ) (3504.807129 7168 198 ) 
4 145 223 (4096 7168 244 ) (4096 7168 4200 ) (3072 7168 4200 ) (3072 7168 244 ) 
4 145 164 (3072 8192 4200 ) (3072 8192 198 ) (3072 7168 198 ) (3072 7168 4200 ) 
4 145 152 (3072 7168 198 ) (3072 7807.790527 198 ) (3323.129883 7807.790527 198 ) (3323.129883 7168 198 ) 
4 145 151 (3323.129883 8192 198 ) (3521.260254 8192 198 ) (3521.260254 7168 198 ) (3323.129883 7168 198 ) 
4 145 149 (3521.260254 8192 198 ) (3653.260254 8192 198 ) (3653.260254 7951.790527 198 ) (3521.260254 7951.790527 198 ) 
4 145 150 (3653.260254 7807.790527 198 ) (3653.260254 7168 198 ) (3521.260254 7168 198 ) (3521.260254 7807.790527 198 ) 
4 145 148 (3732.120117 7807.790527 198 ) (3732.120117 7168 198 ) (3653.260254 7168 198 ) (3653.260254 7807.790527 198 ) 
4 145 147 (3785.260254 7807.790527 198 ) (3785.260254 7168 198 ) (3732.120117 7168 198 ) (3732.120117 7807.790527 198 ) 
4 145 146 (4096 7807.790527 198 ) (4096 7168 198 ) (3785.260254 7168 198 ) (3785.260254 7807.790527 198 ) 
4 146 230 (4096 7168 192 ) (4096 7168 196 ) (3785.260254 7168 196 ) (3785.260254 7168 192 ) 
4 146 227 (4096 7168 196 ) (4096 7168 198 ) (3785.260254 7168 198 ) (3785.260254 7168 196 ) 
4 146 161 (4096 7168 192 ) (3785.260254 7168 192 ) (3785.260254 7801.790527 192 ) (4096 7801.790527 192 ) 
4 146 147 (3785.260254 7807.790527 192 ) (3785.260254 7168 192 ) (3785.260254 7168 198 ) (3785.260254 7807.790527 198 ) 
4 147 230 (3732.120117 7168 196 ) (3732.120117 7168 192 ) (3785.260254 7168 192 ) (3785.260254 7168 196 ) 
4 147 227 (3785.260254 7168 198 ) (3732.120117 7168 198 ) (3732.120117 7168 196 ) (3785.260254 7168 196 ) 
4 147 161 (3785.260254 7168 192 ) (3732.120117 7168 192 ) (3732.120117 7801.790527 192 ) (3785.260254 7801.790527 192 ) 
4 147 148 (3732.120117 7807.790527 192 ) (3732.120117 7168 192 ) (3732.120117 7168 198 ) (3732.120117 7807.790527 198 ) 
4 148 230 (3653.260254 7168 196 ) (3653.260254 7168 192 ) (3732.120117 7168 192 ) (3732.120117 7168 196 ) 
4 148 227 (3732.120117 7168 198 ) (3653.260254 7168 198 ) (3653.260254 7168 196 ) (3732.120117 7168 196 ) 
4 148 161 (3732.120117 7168 192 ) (3653.260254 7168 192 ) (3653.260254 7801.790527 192 ) (3732.120117 7801.790527 192 ) 
4 148 150 (3653.260254 7807.790527 192 ) (3653.260254 7168 192 ) (3653.260254 7168 198 ) (3653.260254 7807.790527 198 ) 
4 149 154 (3521.260254 7960.157227 192 ) (3521.260254 8192 192 ) (3653.260254 8192 192 ) (3653.260254 7960.157227 192 ) 
4 149 151 (3521.260254 8192 192 ) (3521.260254 7960.157227 192 ) (3521.260254 7951.790527 198 ) (3521.260254 8192 198 ) 
4 150 230 (3521.260254 7168 196 ) (3521.260254 7168 192 ) (3653.260254 7168 192 ) (3653.260254 7168 196 ) 
4 150 227 (3653.260254 7168 198 ) (3521.260254 7168 198 ) (3521.260254 7168 196 ) (3653.260254 7168 196 ) 
4 150 161 (3653.260254 7168 192 ) (3521.260254 7168 192 ) (3521.260254 7801.790527 192 ) (3653.260254 7801.790527 192 ) 
4 150 151 (3521.260254 7807.790527 192 ) (3521.260254 7168 192 ) (3521.260254 7168 198 ) (3521.260254 7807.790527 198 ) 
4 151 230 (3498.604492 7168 192 ) (3521.260254 7168 192 ) (3521.260254 7168 196 ) (3498.604492 7168 196 ) 
4 151 229 (3323.129883 7168 196 ) (3323.129883 7168 192 ) (3498.604492 7168 192 ) (3498.604492 7168 196 ) 
4 151 227 (3521.260254 7168 198 ) (3504.807617 7168 198 ) (3504.807617 7168 196 ) (3521.260254 7168 196 ) 
4 151 224 (3504.807617 7168 198 ) (3323.129883 7168 198 ) (3323.129883 7168 196 ) (3504.807617 7168 196 ) 
4 151 159 (3329.129883 7807.790527 192 ) (3515.260254 7807.790527 192 ) (3515.260254 7801.790527 192 ) (3329.129883 7801.790527 192 ) 
4 151 161 (3521.260254 7168 192 ) (3323.129883 7168 192 ) (3323.129883 7801.790527 192 ) (3521.260254 7801.790527 192 ) 
4 151 156 (3329.129883 8192 192 ) (3515.260254 8192 192 ) (3515.260254 7807.790527 192 ) (3329.129883 7807.790527 192 ) 
4 151 152 (3323.129883 7807.790527 192 ) (3323.129883 7168 192 ) (3323.129883 7168 198 ) (3323.129883 7807.790527 198 ) 
4 152 229 (3072 7168 196 ) (3072 7168 192 ) (3323.129883 7168 192 ) (3323.129883 7168 196 ) 
4 152 224 (3323.129883 7168 198 ) (3072 7168 198 ) (3072 7168 196 ) (3323.129883 7168 196 ) 
4 152 165 (3072 7807.790527 192 ) (3072 7168 192 ) (3072 7168 198 ) (3072 7807.790527 198 ) 
4 152 161 (3323.129883 7168 192 ) (3072 7168 192 ) (3072 7801.790527 192 ) (3323.129883 7801.790527 192 ) 
4 153 158 (3740.010254 7807.790527 12 ) (3875.260254 7807.790527 12 ) (3875.260254 7807.790527 144 ) (3740.010254 7807.790527 144 ) 
5 153 155 (3653.260254 8192 12 ) (3653.260254 7807.790527 12 ) (3653.260254 7807.790527 192 ) (3653.260254 7951.790039 192 ) (3653.260254 8192 21.335377 ) 
3 153 154 (3653.260254 7960.157227 192 ) (3653.260254 8192 192 ) (3653.260254 8192 25.726944 ) 
4 156 162 (3329.129883 8192 12 ) (3515.260254 8192 12 ) (3515.260254 7807.790527 12 ) (3329.129883 7807.790527 12 ) 
4 156 159 (3329.129883 7807.790527 12 ) (3515.260254 7807.790527 12 ) (3515.260254 7807.790527 192 ) (3329.129883 7807.790527 192 ) 
4 157 171 (3072 8192 192 ) (3072 8192 12 ) (3072 7807.790527 12 ) (3072 7807.790527 192 ) 
4 157 160 (3072 7807.790527 12 ) (3089.129883 7807.790527 12 ) (3089.129883 7807.790527 144 ) (3072 7807.790527 144 ) 
4 158 161 (3740.010254 7801.790527 12 ) (3875.260254 7801.790527 12 ) (3875.260254 7801.790527 144 ) (3740.010254 7801.790527 144 ) 
4 159 162 (3329.129883 7807.790527 12 ) (3515.260254 7807.790527 12 ) (3515.260254 7801.790527 12 ) (3329.129883 7801.790527 12 ) 
4 159 161 (3329.129883 7801.790527 12 ) (3515.260254 7801.790527 12 ) (3515.260254 7801.790527 192 ) (3329.129883 7801.790527 192 ) 
4 160 175 (3072 7807.790527 12 ) (3072 7801.790527 12 ) (3072 7801.790527 144 ) (3072 7807.790527 144 ) 
4 160 161 (3072 7801.790527 12 ) (3089.129883 7801.790527 12 ) (3089.129883 7801.790527 144 ) (3072 7801.790527 144 ) 
4 161 233 (4096 7168 12 ) (4096 7168 184 ) (3498.604492 7168 184 ) (3498.604248 7168 12 ) 
4 161 230 (4096 7168 184 ) (4096 7168 192 ) (3498.604492 7168 192 ) (3498.604492 7168 184 ) 
4 161 229 (3498.604492 7168 192 ) (3072 7168 192 ) (3072 7168 12 ) (3498.604248 7168 12 ) 
4 161 176 (3072 7801.790527 12 ) (3072 7168 12 ) (3072 7168 192 ) (3072 7801.790527 192 ) 
4 161 163 (3072 7168 12 ) (3072 7801.790527 12 ) (4096 7801.790527 12 ) (4096 7168 12 ) 
4 162 163 (3329.129883 7801.790527 0 ) (3515.260254 7801.790527 0 ) (3515.260254 7801.790527 12 ) (3329.129883 7801.790527 12 ) 
4 163 236 (4096 7168 0 ) (4096 7168 4 ) (3072 7168 4 ) (3072 7168 0 ) 
4 163 233 (4096 7168 4 ) (4096 7168 12 ) (3498.604492 7168 12 ) (3498.604248 7168 4 ) 
4 163 229 (3498.604492 7168 12 ) (3072 7168 12 ) (3072 7168 4 ) (3498.604248 7168 4 ) 
4 163 179 (3072 7801.790527 0 ) (3072 7168 0 ) (3072 7168 12 ) (3072 7801.790527 12 ) 
4 164 254 (2048 7168 198 ) (2048 7168 4200 ) (2048 8192 4200 ) (2048 8192 198 ) 
4 164 238 (2048 7168 4200 ) (2048 7168 198 ) (3072 7168 198 ) (3072 7168 4200 ) 
4 164 168 (2735.129883 7951.790527 198 ) (2735.129883 8192 198 ) (2867.129883 8192 198 ) (2867.129883 7951.790527 198 ) 
4 164 169 (2867.129883 7168 198 ) (2735.129883 7168 198 ) (2735.129883 7807.790527 198 ) (2867.129883 7807.790527 198 ) 
4 164 167 (2945.989990 7168 198 ) (2867.129883 7168 198 ) (2867.129883 7807.790527 198 ) (2945.989990 7807.790527 198 ) 
4 164 166 (2999.129883 7168 198 ) (2945.989990 7168 198 ) (2945.989990 7807.790527 198 ) (2999.129883 7807.790527 198 ) 
4 164 165 (3072 7168 198 ) (2999.129883 7168 198 ) (2999.129883 7807.790527 198 ) (3072 7807.790527 198 ) 
4 164 170 (2735.129883 7168 198 ) (2048 7168 198 ) (2048 8192 198 ) (2735.129883 8192 198 ) 
4 165 238 (2999.129883 7168 192 ) (3072 7168 192 ) (3072 7168 198 ) (2999.129883 7168 198 ) 
4 165 176 (3072 7801.790527 192 ) (3072 7168 192 ) (2999.129883 7168 192 ) (2999.129883 7801.790527 192 ) 
4 165 166 (2999.129883 7807.790527 192 ) (2999.129883 7168 192 ) (2999.129883 7168 198 ) (2999.129883 7807.790527 198 ) 
4 166 238 (2945.989990 7168 192 ) (2999.129883 7168 192 ) (2999.129883 7168 198 ) (2945.989990 7168 198 ) 
4 166 177 (2953.879883 7168 192 ) (2945.989990 7168 192 ) (2945.989990 7801.790527 192 ) (2953.879883 7801.790527 192 ) 
4 166 176 (2999.129883 7801.790527 192 ) (2999.129883 7168 192 ) (2953.879883 7168 192 ) (2953.879883 7801.790527 192 ) 
4 166 167 (2945.989990 7807.790527 192 ) (2945.989990 7168 192 ) (2945.989990 7168 198 ) (2945.989990 7807.790527 198 ) 
4 167 238 (2867.129883 7168 192 ) (2945.989990 7168 192 ) (2945.989990 7168 198 ) (2867.129883 7168 198 ) 
4 167 177 (2945.989990 7801.790527 192 ) (2945.989990 7168 192 ) (2867.129883 7168 192 ) (2867.129883 7801.790527 192 ) 
4 167 169 (2867.129883 7807.790527 192 ) (2867.129883 7168 192 ) (2867.129883 7168 198 ) (2867.129883 7807.790527 198 ) 
4 168 172 (2735.129883 8192 192 ) (2867.129883 8192 192 ) (2867.129883 7960.157227 192 ) (2735.129883 7960.157227 192 ) 
4 168 170 (2735.129883 8192 192 ) (2735.129883 7960.157227 192 ) (2735.129883 7951.790527 198 ) (2735.129883 8192 198 ) 
4 169 238 (2735.129883 7168 192 ) (2867.129883 7168 192 ) (2867.129883 7168 198 ) (2735.129883 7168 198 ) 
4 169 177 (2867.129883 7801.790527 192 ) (2867.129883 7168 192 ) (2735.129883 7168 192 ) (2735.129883 7801.790527 192 ) 
4 169 170 (2735.129883 7807.790527 192 ) (2735.129883 7168 192 ) (2735.129883 7168 198 ) (2735.129883 7807.790527 198 ) 
4 170 254 (2048 7168 192 ) (2048 7168 198 ) (2048 8192 198 ) (2048 8192 192 ) 
4 170 238 (2048 7168 198 ) (2048 7168 192 ) (2735.129883 7168 192 ) (2735.129883 7168 198 ) 
4 170 177 (2735.129883 7801.790527 192 ) (2735.129883 7168 192 ) (2729.129883 7168 192 ) (2729.129883 7801.790527 192 ) 
4 170 178 (2048 7168 192 ) (2048 7807.790527 192 ) (2729.129883 7807.790527 192 ) (2729.129883 7168 192 ) 
4 170 174 (2048 7807.790527 192 ) (2048 8192 192 ) (2729.129883 8192 192 ) (2729.129883 7807.790527 192 ) 
4 171 175 (2953.879883 7807.790527 12 ) (3072 7807.790527 12 ) (3072 7807.790527 144 ) (2953.879883 7807.790527 144 ) 
5 171 173 (2867.129883 8192 12 ) (2867.129883 7807.790527 12 ) (2867.129883 7807.790527 192 ) (2867.129883 7951.790039 192 ) (2867.129883 8192 21.335377 ) 
3 171 172 (2867.129883 7960.157227 192 ) (2867.129883 8192 192 ) (2867.129883 8192 25.726944 ) 
4 174 254 (2048 7807.790527 192 ) (2048 8192 192 ) (2048 8192 12 ) (2048 7807.790527 12 ) 
4 174 180 (2048 7807.790527 12 ) (2048 8192 12 ) (2729.129883 8192 12 ) (2729.129883 7807.790527 12 ) 
4 174 178 (2048 7807.790527 12 ) (2729.129883 7807.790527 12 ) (2729.129883 7807.790527 192 ) (2048 7807.790527 192 ) 
4 175 176 (2953.879883 7801.790527 144 ) (2953.879883 7801.790527 12 ) (3072 7801.790527 12 ) (3072 7801.790527 144 ) 
4 176 238 (2953.879883 7168 12 ) (3072 7168 12 ) (3072 7168 192 ) (2953.879883 7168 192 ) 
4 176 179 (3072 7168 12 ) (2953.879883 7168 12 ) (2953.879883 7801.790527 12 ) (3072 7801.790527 12 ) 
4 176 177 (2953.879883 7801.790527 12 ) (2953.879883 7168 12 ) (2953.879883 7168 192 ) (2953.879883 7801.790527 192 ) 
4 177 238 (2729.129883 7168 12 ) (2953.879883 7168 12 ) (2953.879883 7168 192 ) (2729.129883 7168 192 ) 
4 177 179 (2953.879883 7168 12 ) (2729.129883 7168 12 ) (2729.129883 7801.790527 12 ) (2953.879883 7801.790527 12 ) 
4 177 178 (2729.129883 7801.790527 12 ) (2729.129883 7168 12 ) (2729.129883 7168 192 ) (2729.129883 7801.790527 192 ) 
4 178 254 (2048 7168 12 ) (2048 7168 192 ) (2048 7807.790527 192 ) (2048 7807.790527 12 ) 
4 178 238 (2048 7168 192 ) (2048 7168 12 ) (2729.129883 7168 12 ) (2729.129883 7168 192 ) 
4 178 180 (2729.129883 7168 12 ) (2048 7168 12 ) (2048 7807.790527 12 ) (2729.129883 7807.790527 12 ) 
4 179 238 (2729.129883 7168 0 ) (3072 7168 0 ) (3072 7168 12 ) (2729.129883 7168 12 ) 
4 179 180 (2729.129883 7801.790527 0 ) (2729.129883 7168 0 ) (2729.129883 7168 12 ) (2729.129883 7801.790527 12 ) 
4 180 254 (2048 7168 0 ) (2048 7168 12 ) (2048 8192 12 ) (2048 8192 0 ) 
4 180 238 (2048 7168 12 ) (2048 7168 0 ) (2729.129883 7168 0 ) (2729.129883 7168 12 ) 
4 181 223 (4096 7168 4200 ) (4096 7168 244 ) (4096 6144 244 ) (4096 6144 4200 ) 
4 181 206 (5120 6144 244 ) (5120 6144 4200 ) (4096 6144 4200 ) (4096 6144 244 ) 
5 181 185 (4172.993164 6144 244 ) (4096 6144 244 ) (4096 6618.460449 244 ) (4217.204590 6668.416992 244 ) (4395.543457 6235.727539 244 ) 
4 181 184 (4220.467285 6676.256836 244 ) (5120 7047.013672 244 ) (5120 6528.171875 244 ) (4403.375977 6232.468262 244 ) 
4 181 183 (4096 6624.955566 244 ) (4096 7168 244 ) (5120 7168 244 ) (5120 7047.013672 244 ) 
3 181 182 (5120 6144 244 ) (4188.977051 6144 244 ) (5120 6528.171875 244 ) 
4 182 210 (5120 6144 196 ) (5120 6144 244 ) (4188.977051 6144 244 ) (4188.977051 6144 196 ) 
3 182 188 (5120 6528.171875 196 ) (5120 6527.875000 196 ) (4404.073242 6232.755859 196 ) 
4 182 187 (5120 6527.875000 196 ) (5120 6144 196 ) (4188.977051 6144 196 ) (4404.073242 6232.755859 196 ) 
4 182 184 (5120 6528.170410 196 ) (4403.377441 6232.467285 196 ) (4403.377441 6232.467285 244 ) (5120 6528.170410 244 ) 
4 183 227 (4096 7168 244 ) (4096 7168 196 ) (4096 6624.955566 196 ) (4096 6624.955566 244 ) 
4 183 186 (4096 6624.955566 196 ) (4096 7168 196 ) (5120 7168 196 ) (5120 7047.013672 196 ) 
4 183 184 (4220.466309 6676.258789 196 ) (5120 7047.016602 196 ) (5120 7047.017578 244 ) (4220.466309 6676.259277 244 ) 
4 184 190 (4220.467285 6676.256836 196 ) (5120 7047.013672 196 ) (5120 7040.518066 196 ) (4222.755371 6670.705078 196 ) 
4 184 189 (5120 7040.518066 196 ) (5120 6534.320313 196 ) (4401.090332 6238.013672 196 ) (4222.755371 6670.705078 196 ) 
4 184 188 (5120 6534.320313 196 ) (5120 6528.171875 196 ) (4403.375977 6232.468262 196 ) (4401.090332 6238.013672 196 ) 
4 185 228 (4096 6618.460449 196 ) (4096 6144 196 ) (4096 6144 244 ) (4096 6618.460449 244 ) 
4 185 212 (4172.993164 6144 244 ) (4096 6144 244 ) (4096 6144 196 ) (4172.993164 6144 196 ) 
4 186 233 (4096 7168 184 ) (4096 7168 4 ) (4096 6624.955566 4 ) (4096 6624.955566 184 ) 
4 186 230 (4096 7168 196 ) (4096 7168 184 ) (4096 6624.955566 184 ) (4096 6624.955566 196 ) 
4 186 203 (4096 6624.955566 4 ) (4096 7168 4 ) (5120 7168 4 ) (5120 7047.013672 4 ) 
4 186 200 (4220.467285 6676.258301 4 ) (5120 7047.015625 4 ) (5120 7047.015137 124 ) (4220.467285 6676.257813 124 ) 
4 186 194 (5120 7047.015137 124 ) (5120 7047.014648 184 ) (4220.466797 6676.258301 184 ) (4220.466797 6676.258301 124 ) 
4 186 190 (5120 7047.014648 184 ) (5120 7047.014648 196 ) (4220.466797 6676.258301 196 ) (4220.466797 6676.258301 184 ) 
4 187 213 (5120 6144 124 ) (5120 6144 196 ) (4188.759766 6144 196 ) (4188.759766 6144 124 ) 
3 187 201 (4193.234375 6144 124 ) (4188.759766 6144 124 ) (4192.584961 6145.577148 124 ) 
4 187 195 (5120 6144 124 ) (4193.234375 6144 124 ) (4192.584961 6145.577148 124 ) (5120 6527.875000 124 ) 
4 187 192 (5120 6527.875000 124 ) (4403.379883 6232.470215 124 ) (4403.379883 6232.470215 184 ) (5120 6527.874512 184 ) 
4 187 188 (4403.379883 6232.470215 196 ) (5120 6527.874512 196 ) (5120 6527.874512 184 ) (4403.379883 6232.470215 184 ) 
4 188 192 (5120 6527.876953 184 ) (4403.379883 6232.471191 184 ) (4401.088379 6238.013672 184 ) (5120 6534.320313 184 ) 
4 188 189 (5120 6534.318359 184 ) (4401.088867 6238.012207 184 ) (4401.088867 6238.012207 196 ) (5120 6534.318848 196 ) 
4 189 193 (4222.755371 6670.705566 184 ) (5120 7040.518555 184 ) (5120 6534.320313 184 ) (4401.092285 6238.015137 184 ) 
4 189 190 (5120 7040.517578 184 ) (4222.756348 6670.704102 184 ) (4222.755371 6670.705566 196 ) (5120 7040.518555 196 ) 
4 190 194 (4220.468750 6676.254883 184 ) (5120 7047.011719 184 ) (5120 7040.518555 184 ) (4222.755371 6670.705566 184 ) 
4 191 234 (4096 6144 124 ) (4096 6144 184 ) (4096 6258.621582 184 ) (4096 6341.459961 124 ) 
4 191 232 (4096 6258.621582 184 ) (4096 6618.460449 184 ) (4096 6618.460449 124 ) (4096 6341.459961 124 ) 
4 191 214 (4096 6144 184 ) (4096 6144 124 ) (4172.990723 6144 124 ) (4172.990723 6144 184 ) 
4 191 202 (4172.990723 6144 124 ) (4096 6144 124 ) (4096 6380.235840 124 ) (4190.297852 6151.133301 124 ) 
4 191 197 (4122.760742 6629.490234 124 ) (4217.204590 6668.416992 124 ) (4395.549805 6235.730469 124 ) (4301.240723 6196.859863 124 ) 
5 191 196 (4096 6380.235840 124 ) (4096 6618.460449 124 ) (4122.760742 6629.490234 124 ) (4301.240723 6196.859863 124 ) (4190.297852 6151.133301 124 ) 
4 192 198 (5120 6534.320313 124 ) (5120 6527.875000 124 ) (4403.379883 6232.470703 124 ) (4401.088867 6238.013672 124 ) 
4 192 193 (5120 6534.318359 124 ) (4401.088867 6238.012207 124 ) (4401.088867 6238.012207 184 ) (5120 6534.318848 184 ) 
4 193 199 (4222.755859 6670.705078 124 ) (5120 7040.518555 124 ) (5120 6534.320313 124 ) (4401.092773 6238.015137 124 ) 
4 193 194 (5120 7040.517578 124 ) (4222.756348 6670.704102 124 ) (4222.755371 6670.705566 184 ) (5120 7040.518555 184 ) 
4 194 200 (4220.467285 6676.257813 124 ) (5120 7047.015137 124 ) (5120 7040.518555 124 ) (4222.755859 6670.705078 124 ) 
4 195 213 (5120 6144 4 ) (5120 6144 124 ) (4193.234863 6144 124 ) (4193.234863 6144 4 ) 
4 195 205 (4439.844727 6144 4 ) (4193.234863 6144 4 ) (4192.585938 6145.577148 4 ) (4403.379395 6232.470215 4 ) 
4 195 204 (5120 6144 4 ) (4439.844727 6144 4 ) (4403.379395 6232.470215 4 ) (5120 6527.875000 4 ) 
4 195 201 (4193.235352 6144 124 ) (4192.586426 6145.577148 124 ) (4192.585938 6145.577148 4 ) (4193.235352 6144 4 ) 
4 195 198 (5120 6527.875000 4 ) (4403.379883 6232.470703 4 ) (4403.379883 6232.470703 124 ) (5120 6527.875000 124 ) 
4 195 196 (4303.530273 6191.310547 4 ) (4192.583984 6145.576172 4 ) (4192.583984 6145.576172 124 ) (4303.530273 6191.310547 124 ) 
3 196 234 (4096 6507.136230 4 ) (4096 6380.236816 4 ) (4096 6380.236816 95.913551 ) 
5 196 232 (4096 6618.460449 4 ) (4096 6507.136230 4 ) (4096 6380.236816 95.913551 ) (4096 6380.236816 124 ) (4096 6618.460449 124 ) 
4 196 202 (4190.300781 6151.130371 124 ) (4096 6380.238281 124 ) (4096 6380.238770 4 ) (4190.300293 6151.130371 4 ) 
4 196 197 (4301.241211 6196.859863 4 ) (4122.761230 6629.491211 4 ) (4122.761230 6629.491211 124 ) (4301.241211 6196.859863 124 ) 
4 198 204 (5120 6534.320313 4 ) (5120 6527.875000 4 ) (4403.379883 6232.470703 4 ) (4401.088867 6238.013672 4 ) 
4 198 199 (5120 6534.318359 4 ) (4401.088867 6238.012207 4 ) (4401.088867 6238.012207 124 ) (5120 6534.318848 124 ) 
4 199 204 (5120 7040.518066 4 ) (5120 6534.320313 4 ) (4401.092773 6238.015137 4 ) (4222.755859 6670.705078 4 ) 
4 199 200 (5120 7040.517578 4 ) (4222.755859 6670.705078 4 ) (4222.755859 6670.705566 124 ) (5120 7040.518066 124 ) 
4 200 204 (4220.467773 6676.256836 4 ) (5120 7047.013672 4 ) (5120 7040.518066 4 ) (4222.755859 6670.705078 4 ) 
4 201 213 (4193.234863 6144 124 ) (4188.722168 6144 124 ) (4188.722168 6144 4 ) (4193.234863 6144 4 ) 
3 201 205 (4193.234863 6144 4 ) (4188.722168 6144 4 ) (4192.580078 6145.590332 4 ) 
5 202 234 (4096 6380.236816 4 ) (4096 6144 4 ) (4096 6144 124 ) (4096 6341.459473 124 ) (4096 6380.236816 95.913551 ) 
3 202 232 (4096 6341.459473 124 ) (4096 6380.236816 124 ) (4096 6380.236816 95.913551 ) 
4 202 214 (4173 6144 124 ) (4096 6144 124 ) (4096 6144 4 ) (4173 6144 4 ) 
4 203 236 (4096 7168 4 ) (4096 7168 0 ) (4096 6624.952148 0 ) (4096 6624.952148 4 ) 
4 203 204 (4220.462402 6676.249023 0 ) (5120 7047.006348 0 ) (5120 7047.007813 4 ) (4220.463379 6676.251465 4 ) 
4 204 221 (5120 6144 0 ) (5120 6144 4 ) (4439.844727 6144 4 ) (4439.842773 6144 0 ) 
4 204 205 (4403.379395 6232.469727 0 ) (4439.844727 6144 0 ) (4439.845703 6144 4 ) (4403.380371 6232.470215 4 ) 
4 205 221 (4439.844727 6144 4 ) (4188.731934 6144 4 ) (4188.731934 6144 0 ) (4439.842773 6144 0 ) 
4 206 285 (5120 5120 244 ) (5120 5120 4200 ) (4096 5120 4200 ) (4096 5120 244 ) 
4 206 239 (4096 5120 244 ) (4096 5120 4200 ) (4096 6144 4200 ) (4096 6144 244 ) 
3 206 212 (4096 6112.266113 244 ) (4096 6144 244 ) (4172.992676 6144 244 ) 
4 206 211 (4109.060059 5120 244 ) (4096 5120 244 ) (4096 5508.534180 244 ) (4296.785156 5307.725586 244 ) 
6 206 210 (5120 6144 244 ) (5120 6122.451172 244 ) (4301.030273 5303.479980 244 ) (4096 5508.534180 244 ) (4096 6105.775879 244 ) (4188.739258 6144 244 ) 
4 206 208 (5120 6120.558594 244 ) (5120 5120 244 ) (4484.500000 5120 244 ) (4301.030273 5303.470215 244 ) 
3 206 209 (4476.014648 5120 244 ) (4117.550293 5120 244 ) (4296.779785 5299.229492 244 ) 
3 206 207 (5120 6122.451172 244 ) (5120 6120.558594 244 ) (4296.800293 5299.250000 244 ) 
3 207 213 (4296.800293 5299.250000 196 ) (5120 6122.451172 196 ) (5120 6120.558594 196 ) 
4 207 210 (5120 6122.448730 196 ) (4301.031250 5303.479492 196 ) (4301.030762 5303.479980 244 ) (5120 6122.449219 244 ) 
4 207 208 (4301.031738 5303.468262 196 ) (5120 6120.554688 196 ) (5120 6120.554688 244 ) (4301.031738 5303.468262 244 ) 
4 207 209 (4295.404297 5297.853516 244 ) (4295.404297 5297.853516 196 ) (4296.781250 5299.227539 196 ) (4296.781250 5299.227539 244 ) 
4 208 286 (5120 5120 196 ) (5120 5120 244 ) (4484.500000 5120 244 ) (4484.500000 5120 196 ) 
4 208 213 (5120 5120 196 ) (4484.500000 5120 196 ) (4301.030273 5303.470215 196 ) (5120 6120.558594 196 ) 
4 209 289 (4476.014648 5120 244 ) (4117.550293 5120 244 ) (4117.550293 5120 196 ) (4476.014648 5120 196 ) 
4 210 240 (4096 5508.534180 244 ) (4096 6105.775879 244 ) (4096 6105.775879 196 ) (4096 5508.534180 196 ) 
6 210 213 (4096 5508.534180 196 ) (4096 6105.775879 196 ) (4188.739258 6144 196 ) (5120 6144 196 ) (5120 6122.451172 196 ) (4301.030273 5303.479980 196 ) 
4 210 211 (4096 5508.535156 196 ) (4296.785645 5307.726563 196 ) (4296.785645 5307.726563 244 ) (4096 5508.535156 244 ) 
4 211 290 (4109.060059 5120 244 ) (4096 5120 244 ) (4096 5120 196 ) (4109.060059 5120 196 ) 
4 211 240 (4096 5120 196 ) (4096 5120 244 ) (4096 5508.534180 244 ) (4096 5508.534180 196 ) 
3 211 216 (4109.060059 5120 196 ) (4108.636230 5120 196 ) (4292.447266 5303.387695 196 ) 
5 211 215 (4108.636230 5120 196 ) (4096 5120 196 ) (4096 5508.534180 196 ) (4296.785156 5307.725586 196 ) (4292.447266 5303.387695 196 ) 
4 212 242 (4096 6112.266113 244 ) (4096 6144 244 ) (4096 6144 196 ) (4096 6112.266113 196 ) 
4 213 291 (5120 5120 4 ) (5120 5120 196 ) (4484.500000 5120 196 ) (4484.500000 5120 4 ) 
4 213 245 (4096 5719.582520 196 ) (4096 6105.779297 196 ) (4096 6105.779297 4 ) (4096 5719.582520 4 ) 
4 213 244 (4096 5718.616211 196 ) (4096 5719.582520 196 ) (4096 5719.582520 4 ) (4096 5718.616211 4 ) 
4 213 243 (4096 5508.500000 196 ) (4096 5718.616211 196 ) (4096 5718.616211 4 ) (4096 5508.500000 4 ) 
4 213 222 (5120 6130.966309 4 ) (5120 5120 4 ) (4484.500000 5120 4 ) (4296.779785 5307.720215 4 ) 
6 213 221 (5120 6144 4 ) (5120 6130.966309 4 ) (4296.779785 5307.720215 4 ) (4096 5508.500000 4 ) (4096 6105.779297 4 ) (4188.722168 6144 4 ) 
4 213 219 (4373.155273 5231.344727 4 ) (4458 5146.500000 4 ) (4458 5146.500000 124 ) (4373.155273 5231.344727 124 ) 
4 213 215 (4096 5508.500000 4 ) (4296.784668 5307.715332 4 ) (4296.784668 5307.715332 196 ) (4096 5508.500000 196 ) 
4 214 246 (4096 6144 184 ) (4096 6144 4 ) (4096 6112.263184 4 ) (4096 6112.263184 184 ) 
4 215 302 (4108.636230 5120 196 ) (4096 5120 196 ) (4096 5120 4 ) (4108.636230 5120 4 ) 
4 215 243 (4096 5120 4 ) (4096 5120 196 ) (4096 5508.500000 196 ) (4096 5508.500000 4 ) 
4 215 221 (4108.636230 5120 4 ) (4096 5120 4 ) (4096 5508.500000 4 ) (4296.784668 5307.715332 4 ) 
4 215 216 (4108.632813 5120 4 ) (4293.935059 5304.875000 4 ) (4293.935059 5304.875000 196 ) (4108.632813 5120 196 ) 
4 216 302 (4109.060059 5120 196 ) (4108.636230 5120 196 ) (4108.636230 5120 4 ) (4109.060059 5120 4 ) 
3 216 221 (4109.060059 5120 4 ) (4108.636230 5120 4 ) (4292.590332 5303.530762 4 ) 
4 217 298 (4431.561035 5120 124 ) (4431.561035 5120 184 ) (4117.550293 5120 184 ) (4117.550293 5120 124 ) 
4 217 220 (4453.770508 5142.260742 184 ) (4431.561035 5120 184 ) (4431.561523 5120 124 ) (4453.770508 5142.260742 124 ) 
4 217 218 (4117.546875 5120 124 ) (4296.778809 5299.231934 124 ) (4453.772461 5142.258789 124 ) (4431.564941 5120 124 ) 
4 218 298 (4117.550293 5120 4 ) (4431.561035 5120 4 ) (4431.561035 5120 124 ) (4117.550293 5120 124 ) 
4 218 220 (4431.562500 5120 4 ) (4453.770508 5142.260742 4 ) (4453.770508 5142.260742 124 ) (4431.561523 5120 124 ) 
4 218 219 (4368.910645 5227.110352 124 ) (4453.770996 5142.260742 124 ) (4453.770996 5142.260742 4 ) (4368.910645 5227.110352 4 ) 
4 220 298 (4431.561035 5120 184 ) (4431.561035 5120 4 ) (4476.017578 5120 4 ) (4476.017578 5120 184 ) 
4 221 305 (4109.065918 5120 4 ) (4096 5120 4 ) (4096 5120 0 ) (4109.065918 5120 0 ) 
4 221 248 (4096 5718.582031 4 ) (4096 6105.779297 4 ) (4096 6105.779297 0 ) (4096 5718.589844 0 ) 
4 221 247 (4096 5120 0 ) (4096 5120 4 ) (4096 5718.582031 4 ) (4096 5718.589844 0 ) 
4 221 222 (4296.778320 5307.721680 0 ) (5120 6130.968750 0 ) (5120 6130.964844 4 ) (4296.780762 5307.719727 4 ) 
4 222 306 (4787.905273 5120 4 ) (4484.500000 5120 4 ) (4484.500000 5120 0 ) (4787.905273 5120 0 ) 
4 222 304 (5120 5120 0 ) (5120 5120 4 ) (4787.905273 5120 4 ) (4787.905273 5120 0 ) 
4 223 239 (4096 6144 244 ) (4096 6144 4200 ) (3072 6144 4200 ) (3072 6144 244 ) 
4 223 238 (3072 7168 4200 ) (3072 7168 244 ) (3072 6144 244 ) (3072 6144 4200 ) 
4 223 228 (4096 6618.460449 244 ) (4096 6144 244 ) (3927.311768 6144 244 ) (3784.520020 6490.080078 244 ) 
4 223 227 (3504.811523 7168 244 ) (4096 7168 244 ) (4096 6624.955566 244 ) (3782.229980 6495.629883 244 ) 
4 223 226 (3072 6144 244 ) (3072 6202.577637 244 ) (3776.679932 6493.339844 244 ) (3920.673584 6144 244 ) 
4 223 224 (3072 6202.577637 244 ) (3072 7168 244 ) (3504.811523 7168 244 ) (3782.229980 6495.629883 244 ) 
4 224 238 (3072 7168 244 ) (3072 7168 196 ) (3072 6202.577637 196 ) (3072 6202.577637 244 ) 
4 224 230 (3498.604248 7168 196 ) (3504.807129 7168 196 ) (3782.226318 6495.628418 196 ) (3776.680420 6493.339844 196 ) 
4 224 229 (3072 6202.577637 196 ) (3072 7168 196 ) (3498.604248 7168 196 ) (3776.680420 6493.339844 196 ) 
4 224 227 (3782.229004 6495.629395 196 ) (3504.810303 7168 196 ) (3504.812500 7168 244 ) (3782.230713 6495.629883 244 ) 
4 224 226 (3072 6202.580078 196 ) (3776.679688 6493.340820 196 ) (3776.679932 6493.340820 244 ) (3072 6202.578613 244 ) 
4 225 228 (3927.310547 6144 196 ) (3784.519043 6490.079102 196 ) (3784.520752 6490.080078 244 ) (3927.312500 6144 244 ) 
4 226 241 (3920.673584 6144 244 ) (3072 6144 244 ) (3072 6144 196 ) (3920.673340 6144 196 ) 
4 226 238 (3072 6202.577637 196 ) (3072 6144 196 ) (3072 6144 244 ) (3072 6202.577637 244 ) 
4 226 229 (3920.673096 6144 196 ) (3072 6144 196 ) (3072 6202.577637 196 ) (3776.679932 6493.339844 196 ) 
4 227 230 (3782.226318 6495.628418 196 ) (3504.807129 7168 196 ) (4096 7168 196 ) (4096 6624.955566 196 ) 
4 228 242 (4096 6144 196 ) (4096 6144 244 ) (3927.311768 6144 244 ) (3927.307617 6144 196 ) 
4 228 231 (3917.249023 6168.378906 196 ) (3807.592773 6434.148926 196 ) (3918.513428 6479.867188 196 ) (4028.071533 6214.056152 196 ) 
4 229 243 (3920.668457 6144 196 ) (3072 6144 196 ) (3072 6144 4 ) (3920.668457 6144 4 ) 
4 229 238 (3072 7168 196 ) (3072 7168 4 ) (3072 6144 4 ) (3072 6144 196 ) 
4 229 237 (3072 6144 4 ) (3072 6202.896484 4 ) (3776.680176 6493.339844 4 ) (3920.668457 6144 4 ) 
4 229 236 (3072 6202.896484 4 ) (3072 7168 4 ) (3498.604248 7168 4 ) (3776.680176 6493.339844 4 ) 
4 229 233 (3776.678711 6493.342285 4 ) (3498.604004 7168 4 ) (3498.603516 7168 184 ) (3776.678711 6493.342285 184 ) 
4 229 230 (3498.603516 7168 184 ) (3498.603516 7168 196 ) (3776.678955 6493.341797 196 ) (3776.678711 6493.341797 184 ) 
4 230 233 (3776.675781 6493.340332 184 ) (3498.600098 7168 184 ) (4096 7168 184 ) (4096 6624.955566 184 ) 
4 231 232 (4022.234863 6228.217773 184 ) (3911.295410 6182.492188 184 ) (3807.570313 6434.140137 184 ) (3918.513184 6479.867188 184 ) 
4 232 234 (3934.689453 6440.649414 4 ) (4096 6507.136230 4 ) (4096 6258.620117 184 ) (4022.243652 6228.220215 184 ) 
4 233 236 (3498.604248 7168 4 ) (4096 7168 4 ) (4096 6624.956055 4 ) (3776.679443 6493.342285 4 ) 
4 234 246 (4096 6144 4 ) (4096 6144 184 ) (4056.955811 6144 184 ) (4056.955811 6144 4 ) 
4 234 235 (4056.956543 6144 184 ) (4028.077393 6214.068848 184 ) (3939.260986 6429.560547 4 ) (4056.956787 6144 4 ) 
4 235 246 (4056.955811 6144 184 ) (3927.161377 6144 184 ) (3927.161377 6144 4 ) (4056.955811 6144 4 ) 
4 236 238 (3072 7168 4 ) (3072 7168 0 ) (3072 6202.896484 0 ) (3072 6202.896484 4 ) 
4 236 237 (3072 6202.896484 0 ) (3776.682373 6493.341309 0 ) (3776.680176 6493.338379 4 ) (3072 6202.894531 4 ) 
4 237 247 (3920.662109 6144 4 ) (3072 6144 4 ) (3072 6144 0 ) (3920.665283 6144 0 ) 
4 237 238 (3072 6202.896484 0 ) (3072 6144 0 ) (3072 6144 4 ) (3072 6202.896484 4 ) 
4 238 256 (2048 6144 0 ) (2048 6144 4200 ) (2048 7168 4200 ) (2048 7168 0 ) 
4 238 249 (2048 6144 4200 ) (2048 6144 0 ) (3072 6144 0 ) (3072 6144 4200 ) 
4 239 307 (4096 5120 244 ) (4096 5120 4200 ) (3072 5120 4200 ) (3072 5120 244 ) 
4 239 249 (3072 6144 4200 ) (3072 6144 244 ) (3072 5120 244 ) (3072 5120 4200 ) 
4 239 242 (3927.162598 6144 244 ) (4096 6144 244 ) (4096 6112.266113 244 ) (3962.861572 6057.390625 244 ) 
4 239 241 (3072 5684.287109 244 ) (3072 6144 244 ) (3920.673340 6144 244 ) (3959.600098 6049.560059 244 ) 
4 239 240 (4096 5120 244 ) (3072 5120 244 ) (3072 5684.287109 244 ) (4096 6105.692383 244 ) 
4 240 309 (4096 5120 196 ) (4096 5120 244 ) (3805.679199 5120 244 ) (3805.679199 5120 196 ) 
4 240 308 (3805.679199 5120 244 ) (3072 5120 244 ) (3072 5120 196 ) (3805.679199 5120 196 ) 
4 240 249 (3072 5684.287109 196 ) (3072 5120 196 ) (3072 5120 244 ) (3072 5684.287109 244 ) 
3 240 245 (4096 6105.692383 196 ) (4096 5719.583496 196 ) (3959.600342 6049.560059 196 ) 
4 240 244 (4096 5719.583496 196 ) (4096 5718.615723 196 ) (3959.594971 6049.557617 196 ) (3959.600342 6049.560059 196 ) 
5 240 243 (4096 5718.615723 196 ) (4096 5120 196 ) (3072 5120 196 ) (3072 5684.287109 196 ) (3959.594971 6049.557617 196 ) 
4 240 241 (3959.600342 6049.559082 196 ) (3072 5684.286133 196 ) (3072 5684.288574 244 ) (3959.600098 6049.561035 244 ) 
4 241 249 (3072 6144 244 ) (3072 6144 196 ) (3072 5684.287109 196 ) (3072 5684.287109 244 ) 
4 241 243 (3072 6144 196 ) (3920.673340 6144 196 ) (3959.600098 6049.560059 196 ) (3072 5684.287109 196 ) 
4 243 313 (4096 5120 4 ) (4096 5120 196 ) (3805.679199 5120 196 ) (3805.679199 5120 4 ) 
4 243 311 (3805.679199 5120 196 ) (3072 5120 196 ) (3072 5120 4 ) (3805.679199 5120 4 ) 
4 243 249 (3072 6144 196 ) (3072 6144 4 ) (3072 5120 4 ) (3072 5120 196 ) 
5 243 247 (4096 5120 4 ) (3072 5120 4 ) (3072 6144 4 ) (3920.668457 6144 4 ) (4096 5718.615234 4 ) 
4 243 244 (4096 5718.613281 4 ) (3957.088379 6055.636719 4 ) (3957.233643 6055.285156 196 ) (4096 5718.613281 196 ) 
3 244 248 (4096 5719.583984 4 ) (4096 5718.615234 4 ) (3957.416748 6054.842285 4 ) 
4 244 245 (4096 5719.585938 4 ) (3959.602783 6049.555176 4 ) (3959.602783 6049.555176 196 ) (4096 5719.584473 196 ) 
3 245 248 (4096 6105.779297 4 ) (4096 5719.583984 4 ) (3959.602295 6049.555176 4 ) 
4 247 315 (4096 5120 0 ) (4096 5120 4 ) (3805.679199 5120 4 ) (3805.679199 5120 0 ) 
4 247 314 (3805.679199 5120 4 ) (3072 5120 4 ) (3072 5120 0 ) (3805.679199 5120 0 ) 
4 247 249 (3072 6144 4 ) (3072 6144 0 ) (3072 5120 0 ) (3072 5120 4 ) 
4 247 248 (4096 5718.592285 0 ) (3959.591553 6049.556152 0 ) (3959.589355 6049.555664 4 ) (4096 5718.585938 4 ) 
4 249 316 (3072 5120 0 ) (3072 5120 4200 ) (2048 5120 4200 ) (2048 5120 0 ) 
4 249 258 (2048 5120 0 ) (2048 5120 4200 ) (2048 6144 4200 ) (2048 6144 0 ) 
4 250 252 (2048 9216 0 ) (2048 9216 4200 ) (1024 9216 4200 ) (1024 9216 0 ) 
4 250 251 (1024 9216 0 ) (1024 9216 4200 ) (1024 9360 4200 ) (1024 9360 0 ) 
4 251 253 (0 9216 4200 ) (0 9216 0 ) (1024 9216 0 ) (1024 9216 4200 ) 
4 252 254 (2048 8192 0 ) (2048 8192 4200 ) (1024 8192 4200 ) (1024 8192 0 ) 
4 252 253 (1024 9216 4200 ) (1024 9216 0 ) (1024 8192 0 ) (1024 8192 4200 ) 
4 253 255 (1024 8192 0 ) (1024 8192 4200 ) (0 8192 4200 ) (0 8192 0 ) 
4 254 256 (2048 7168 0 ) (2048 7168 4200 ) (1024 7168 4200 ) (1024 7168 0 ) 
4 254 255 (1024 8192 4200 ) (1024 8192 0 ) (1024 7168 0 ) (1024 7168 4200 ) 
4 255 257 (1024 7168 0 ) (1024 7168 4200 ) (0 7168 4200 ) (0 7168 0 ) 
4 256 258 (2048 6144 0 ) (2048 6144 4200 ) (1024 6144 4200 ) (1024 6144 0 ) 
4 256 257 (1024 6144 0 ) (1024 6144 4200 ) (1024 7168 4200 ) (1024 7168 0 ) 
4 257 259 (0 6144 4200 ) (0 6144 0 ) (1024 6144 0 ) (1024 6144 4200 ) 
4 258 323 (2048 5120 0 ) (2048 5120 4200 ) (1024 5120 4200 ) (1024 5120 0 ) 
4 258 259 (1024 6144 4200 ) (1024 6144 0 ) (1024 5120 0 ) (1024 5120 4200 ) 
4 259 324 (1024 5120 0 ) (1024 5120 4200 ) (0 5120 4200 ) (0 5120 0 ) 
4 260 262 (9448 4096 0 ) (9448 4096 4200 ) (9216 4096 4200 ) (9216 4096 0 ) 
4 260 261 (9216 4096 0 ) (9216 4096 4200 ) (9216 5120 4200 ) (9216 5120 0 ) 
4 261 266 (8192 5120 4200 ) (8192 5120 0 ) (8192 4096 0 ) (8192 4096 4200 ) 
4 261 263 (9216 4096 0 ) (9216 4096 4200 ) (8192 4096 4200 ) (8192 4096 0 ) 
4 262 264 (9448 3072 0 ) (9448 3072 4200 ) (9216 3072 4200 ) (9216 3072 0 ) 
4 262 263 (9216 4096 4200 ) (9216 4096 0 ) (9216 3072 0 ) (9216 3072 4200 ) 
4 263 269 (8192 3072 0 ) (8192 3072 4200 ) (8192 4096 4200 ) (8192 4096 0 ) 
4 263 265 (9216 3072 0 ) (9216 3072 4200 ) (8192 3072 4200 ) (8192 3072 0 ) 
4 264 275 (9448 2048 0 ) (9448 2048 4200 ) (9216 2048 4200 ) (9216 2048 0 ) 
4 264 265 (9216 3072 4200 ) (9216 3072 0 ) (9216 2048 0 ) (9216 2048 4200 ) 
4 265 276 (9216 2048 0 ) (9216 2048 4200 ) (8192 2048 4200 ) (8192 2048 0 ) 
4 265 270 (8192 2048 0 ) (8192 2048 4200 ) (8192 3072 4200 ) (8192 3072 0 ) 
4 266 269 (8192 4096 0 ) (8192 4096 4200 ) (7168 4096 4200 ) (7168 4096 0 ) 
4 266 267 (7168 5120 4200 ) (7168 5120 0 ) (7168 4096 0 ) (7168 4096 4200 ) 
4 267 271 (7168 4096 0 ) (7168 4096 4200 ) (6144 4096 4200 ) (6144 4096 0 ) 
4 267 268 (6144 4096 0 ) (6144 4096 4200 ) (6144 5120 4200 ) (6144 5120 0 ) 
4 268 304 (5120 5120 4 ) (5120 5120 0 ) (5120 4096 0 ) (5120 4096 4 ) 
4 268 299 (5120 4484.500000 4 ) (5120 4475.983887 4 ) (5120 4475.984375 184 ) (5120 4484.500000 184 ) 
4 268 295 (5120 4475.983887 4 ) (5120 4096 4 ) (5120 4096 184 ) (5120 4475.984375 184 ) 
4 268 294 (5120 4475.984375 196 ) (5120 4484.500000 196 ) (5120 4484.500000 184 ) (5120 4475.983887 184 ) 
4 268 292 (5120 4096 184 ) (5120 4096 196 ) (5120 4475.984375 196 ) (5120 4475.983887 184 ) 
4 268 291 (5120 5120 196 ) (5120 5120 4 ) (5120 4484.500000 4 ) (5120 4484.500000 196 ) 
4 268 288 (5120 4484.500000 196 ) (5120 4096 196 ) (5120 4096 244 ) (5120 4484.500000 244 ) 
4 268 286 (5120 5120 244 ) (5120 5120 196 ) (5120 4484.500000 196 ) (5120 4484.500000 244 ) 
4 268 285 (5120 5120 4200 ) (5120 5120 244 ) (5120 4096 244 ) (5120 4096 4200 ) 
4 268 272 (6144 4096 0 ) (6144 4096 4200 ) (5120 4096 4200 ) (5120 4096 0 ) 
4 269 271 (7168 4096 4200 ) (7168 4096 0 ) (7168 3072 0 ) (7168 3072 4200 ) 
4 269 270 (8192 3072 0 ) (8192 3072 4200 ) (7168 3072 4200 ) (7168 3072 0 ) 
4 270 279 (8192 2048 0 ) (8192 2048 4200 ) (7168 2048 4200 ) (7168 2048 0 ) 
4 270 273 (7168 2048 0 ) (7168 2048 4200 ) (7168 3072 4200 ) (7168 3072 0 ) 
4 271 273 (7168 3072 0 ) (7168 3072 4200 ) (6144 3072 4200 ) (6144 3072 0 ) 
4 271 272 (6144 4096 4200 ) (6144 4096 0 ) (6144 3072 0 ) (6144 3072 4200 ) 
4 272 317 (5120 3072 0 ) (5120 3072 4200 ) (5120 4096 4200 ) (5120 4096 0 ) 
4 272 274 (6144 3072 0 ) (6144 3072 4200 ) (5120 3072 4200 ) (5120 3072 0 ) 
4 273 281 (7168 2048 0 ) (7168 2048 4200 ) (6144 2048 4200 ) (6144 2048 0 ) 
4 273 274 (6144 3072 4200 ) (6144 3072 0 ) (6144 2048 0 ) (6144 2048 4200 ) 
4 274 318 (5120 2048 0 ) (5120 2048 4200 ) (5120 3072 4200 ) (5120 3072 0 ) 
4 274 282 (6144 2048 0 ) (6144 2048 4200 ) (5120 2048 4200 ) (5120 2048 0 ) 
4 275 277 (9448 1024 0 ) (9448 1024 4200 ) (9216 1024 4200 ) (9216 1024 0 ) 
4 275 276 (9216 2048 4200 ) (9216 2048 0 ) (9216 1024 0 ) (9216 1024 4200 ) 
4 276 279 (8192 2048 4200 ) (8192 2048 0 ) (8192 1024 0 ) (8192 1024 4200 ) 
4 276 278 (9216 1024 0 ) (9216 1024 4200 ) (8192 1024 4200 ) (8192 1024 0 ) 
4 277 278 (9216 1024 4200 ) (9216 1024 0 ) (9216 0 0 ) (9216 0 4200 ) 
4 278 280 (8192 0 0 ) (8192 0 4200 ) (8192 1024 4200 ) (8192 1024 0 ) 
4 279 281 (7168 2048 4200 ) (7168 2048 0 ) (7168 1024 0 ) (7168 1024 4200 ) 
4 279 280 (8192 1024 0 ) (8192 1024 4200 ) (7168 1024 4200 ) (7168 1024 0 ) 
4 280 283 (7168 0 0 ) (7168 0 4200 ) (7168 1024 4200 ) (7168 1024 0 ) 
4 281 283 (7168 1024 0 ) (7168 1024 4200 ) (6144 1024 4200 ) (6144 1024 0 ) 
4 281 282 (6144 2048 4200 ) (6144 2048 0 ) (6144 1024 0 ) (6144 1024 4200 ) 
4 282 329 (5120 1024 0 ) (5120 1024 4200 ) (5120 2048 4200 ) (5120 2048 0 ) 
4 282 284 (6144 1024 0 ) (6144 1024 4200 ) (5120 1024 4200 ) (5120 1024 0 ) 
4 283 284 (6144 1024 4200 ) (6144 1024 0 ) (6144 0 0 ) (6144 0 4200 ) 
4 284 330 (5120 0 0 ) (5120 0 4200 ) (5120 1024 4200 ) (5120 1024 0 ) 
4 285 317 (5120 4096 244 ) (5120 4096 4200 ) (4096 4096 4200 ) (4096 4096 244 ) 
4 285 307 (4096 5120 4200 ) (4096 5120 244 ) (4096 4096 244 ) (4096 4096 4200 ) 
3 285 290 (4096 5106.939941 244 ) (4096 5120 244 ) (4109.060059 5120 244 ) 
6 285 289 (4096 4838.159668 244 ) (4096 5098.449707 244 ) (4117.550293 5120 244 ) (4476.014648 5120 244 ) (4627.709961 4968.309570 244 ) (4296.784668 4637.374512 244 ) 
5 285 288 (4636.200195 4968.299805 244 ) (5120 4484.500000 244 ) (5120 4096 244 ) (4829.680664 4096 244 ) (4296.784668 4628.895020 244 ) 
3 285 287 (4096 4096 244 ) (4096 4829.679688 244 ) (4829.680664 4096 244 ) 
3 285 286 (4484.500000 5120 244 ) (5120 5120 244 ) (5120 4484.500000 244 ) 
3 286 291 (4484.500000 5120 196 ) (5120 5120 196 ) (5120 4484.500000 196 ) 
4 286 288 (4636.200195 4968.299805 196 ) (5120 4484.500000 196 ) (5120 4484.500000 244 ) (4636.200195 4968.299805 244 ) 
4 287 317 (4829.680664 4096 244 ) (4096 4096 244 ) (4096 4096 196 ) (4829.680664 4096 196 ) 
4 287 308 (4096 4829.679688 196 ) (4096 4096 196 ) (4096 4096 244 ) (4096 4829.679688 244 ) 
3 287 301 (4096 4428.110840 196 ) (4096 4829.679688 196 ) (4296.784668 4628.895020 196 ) 
4 287 300 (4829.680664 4096 196 ) (4096 4096 196 ) (4096 4428.110840 196 ) (4296.784668 4628.895020 196 ) 
4 287 288 (4829.675781 4096 196 ) (4296.782715 4628.893066 196 ) (4296.784668 4628.895020 244 ) (4829.680664 4096 244 ) 
4 288 317 (5120 4096 196 ) (5120 4096 244 ) (4829.680664 4096 244 ) (4829.680664 4096 196 ) 
4 288 300 (4838.159180 4096 196 ) (4829.680664 4096 196 ) (4296.784668 4628.895020 196 ) (4301.024414 4633.134766 196 ) 
4 288 294 (4631.955078 4964.054688 196 ) (4636.200195 4968.299805 196 ) (5120 4484.500000 196 ) (5120 4475.983887 196 ) 
5 288 292 (5120 4096 196 ) (4838.159180 4096 196 ) (4301.024414 4633.134766 196 ) (4631.955078 4964.054688 196 ) (5120 4475.983887 196 ) 
4 289 310 (4096 5098.449707 196 ) (4096 4838.159668 196 ) (4096 4838.159668 244 ) (4096 5098.449707 244 ) 
4 289 293 (4458.005371 4968.305176 196 ) (4542.856934 4883.454102 196 ) (4339.564453 4680.155762 196 ) (4254.709961 4765.009766 196 ) 
4 290 309 (4096 5120 244 ) (4096 5120 196 ) (4096 5106.939941 196 ) (4096 5106.939941 244 ) 
3 290 302 (4096 5106.939941 196 ) (4096 5120 196 ) (4109.060059 5120 196 ) 
3 291 306 (4484.500000 5120 4 ) (4787.905273 5120 4 ) (4636.200195 4968.299805 4 ) 
4 291 304 (4787.905273 5120 4 ) (5120 5120 4 ) (5120 4484.500000 4 ) (4636.200195 4968.299805 4 ) 
4 291 299 (4636.200195 4968.299805 4 ) (5120 4484.500000 4 ) (5120 4484.500000 184 ) (4636.200195 4968.299805 184 ) 
4 291 294 (5120 4484.500000 184 ) (5120 4484.500000 196 ) (4636.200195 4968.299805 196 ) (4636.200195 4968.299805 184 ) 
4 292 317 (5120 4096 184 ) (5120 4096 196 ) (4838.158691 4096 196 ) (4838.158691 4096 184 ) 
4 292 300 (4838.160156 4096 184 ) (4838.160156 4096 196 ) (4301.024902 4633.135254 196 ) (4301.024902 4633.135254 184 ) 
5 292 295 (4838.156250 4096 184 ) (4301.022949 4633.133301 184 ) (4631.949707 4964.059570 184 ) (5120 4475.983887 184 ) (5120 4096 184 ) 
4 292 294 (5120 4475.984375 184 ) (4631.950195 4964.060059 184 ) (4631.950195 4964.060059 196 ) (5120 4475.984375 196 ) 
4 293 297 (4447.174316 4957.474121 184 ) (4532.028320 4872.620605 184 ) (4339.561035 4680.159668 184 ) (4254.710449 4765.009766 184 ) 
4 294 299 (4636.200195 4968.299805 184 ) (5120 4484.500000 184 ) (5120 4475.983887 184 ) (4631.949707 4964.059570 184 ) 
4 295 317 (5120 4096 4 ) (5120 4096 184 ) (4838.158691 4096 184 ) (4838.158691 4096 4 ) 
5 295 304 (4631.949707 4964.059570 4 ) (5120 4475.983887 4 ) (5120 4096 4 ) (4838.158691 4096 4 ) (4301.024414 4633.134766 4 ) 
4 295 300 (4301.024902 4633.135254 4 ) (4838.159668 4096 4 ) (4838.160156 4096 184 ) (4301.024902 4633.135254 184 ) 
4 295 299 (5120 4475.984375 4 ) (4631.950195 4964.060059 4 ) (4631.950195 4964.060059 184 ) (5120 4475.984375 184 ) 
4 296 298 (4542.859375 5053.156250 184 ) (4542.859375 5053.156250 4 ) (4293.196289 4803.493164 4 ) (4458.006836 4968.303711 184 ) 
4 297 298 (4284.711426 4795.008301 4 ) (4211.933594 4722.230469 4 ) (4211.933594 4722.230469 184 ) (4447.175781 4957.472656 184 ) 
4 298 312 (4096 5098.449707 4 ) (4096 4838.159668 4 ) (4096 4838.159668 184 ) (4096 5098.449707 184 ) 
4 299 304 (4636.200195 4968.299805 4 ) (5120 4484.500000 4 ) (5120 4475.983887 4 ) (4631.949707 4964.059570 4 ) 
4 300 317 (4838.158691 4096 196 ) (4096 4096 196 ) (4096 4096 4 ) (4838.158691 4096 4 ) 
4 300 311 (4096 4428.110352 4 ) (4096 4096 4 ) (4096 4096 196 ) (4096 4428.110840 196 ) 
4 300 304 (4296.784668 4628.895020 4 ) (4301.024414 4633.134766 4 ) (4838.158691 4096 4 ) (4829.680176 4096 4 ) 
4 300 303 (4096 4096 4 ) (4096 4428.110840 4 ) (4296.784668 4628.895020 4 ) (4829.680176 4096 4 ) 
4 300 301 (4296.785156 4628.894531 4 ) (4096 4428.109863 4 ) (4096 4428.109375 196 ) (4296.785156 4628.894531 196 ) 
4 301 311 (4096 4829.679688 4 ) (4096 4428.110352 4 ) (4096 4428.110840 196 ) (4096 4829.679688 196 ) 
3 301 303 (4096 4428.110840 4 ) (4096 4829.679688 4 ) (4296.784668 4628.895020 4 ) 
4 302 313 (4096 5120 196 ) (4096 5120 4 ) (4096 5106.939941 4 ) (4096 5106.939941 196 ) 
3 302 305 (4096 5106.939941 4 ) (4096 5120 4 ) (4109.060059 5120 4 ) 
4 303 317 (4829.680664 4096 4 ) (4096 4096 4 ) (4096 4096 0 ) (4829.680664 4096 0 ) 
4 303 314 (4096 4829.679688 0 ) (4096 4096 0 ) (4096 4096 4 ) (4096 4829.679688 4 ) 
4 303 304 (4829.675781 4096 0 ) (4296.782715 4628.893066 0 ) (4296.784668 4628.895020 4 ) (4829.680664 4096 4 ) 
4 304 317 (5120 4096 0 ) (5120 4096 4 ) (4829.680664 4096 4 ) (4829.680664 4096 0 ) 
4 304 306 (4787.902832 5120 0 ) (4636.199219 4968.301270 0 ) (4636.199219 4968.301270 4 ) (4787.902344 5120 4 ) 
4 305 315 (4096 5120 4 ) (4096 5120 0 ) (4096 5106.934082 0 ) (4096 5106.933594 4 ) 
4 307 319 (4096 4096 244 ) (4096 4096 4200 ) (3072 4096 4200 ) (3072 4096 244 ) 
4 307 316 (3072 4096 244 ) (3072 4096 4200 ) (3072 5120 4200 ) (3072 5120 244 ) 
3 307 310 (4096 5098.449707 244 ) (4096 4838.159668 244 ) (3965.854980 4968.304688 244 ) 
4 307 309 (3805.679199 5120 244 ) (4096 5120 244 ) (4096 5106.939941 244 ) (3957.369873 4968.309570 244 ) 
5 307 308 (3072 4096 244 ) (3072 5120 244 ) (3805.679199 5120 244 ) (4096 4829.679688 244 ) (4096 4096 244 ) 
4 308 319 (4096 4096 196 ) (4096 4096 244 ) (3072 4096 244 ) (3072 4096 196 ) 
4 308 316 (3072 4096 196 ) (3072 4096 244 ) (3072 5120 244 ) (3072 5120 196 ) 
5 308 311 (4096 4096 196 ) (3072 4096 196 ) (3072 5120 196 ) (3805.679199 5120 196 ) (4096 4829.679688 196 ) 
4 308 309 (3957.369873 4968.309570 196 ) (3805.679688 5120 196 ) (3805.679688 5120 244 ) (3957.370117 4968.310059 244 ) 
4 309 313 (3805.679199 5120 196 ) (4096 5120 196 ) (4096 5106.939941 196 ) (3957.369873 4968.309570 196 ) 
4 311 319 (4096 4096 4 ) (4096 4096 196 ) (3072 4096 196 ) (3072 4096 4 ) 
4 311 316 (3072 4096 4 ) (3072 4096 196 ) (3072 5120 196 ) (3072 5120 4 ) 
5 311 314 (3072 4096 4 ) (3072 5120 4 ) (3805.679199 5120 4 ) (4096 4829.679688 4 ) (4096 4096 4 ) 
4 311 313 (3957.370117 4968.310059 4 ) (3805.679688 5120 4 ) (3805.679688 5120 196 ) (3957.370117 4968.310059 196 ) 
4 313 315 (3805.679199 5120 4 ) (4096 5120 4 ) (4096 5106.939941 4 ) (3957.369629 4968.309570 4 ) 
4 314 319 (4096 4096 0 ) (4096 4096 4 ) (3072 4096 4 ) (3072 4096 0 ) 
4 314 316 (3072 4096 0 ) (3072 4096 4 ) (3072 5120 4 ) (3072 5120 0 ) 
4 314 315 (3957.373291 4968.302734 0 ) (3805.675781 5120 0 ) (3805.676758 5120 4 ) (3957.373779 4968.303223 4 ) 
4 316 323 (2048 5120 4200 ) (2048 5120 0 ) (2048 4096 0 ) (2048 4096 4200 ) 
4 316 320 (3072 4096 0 ) (3072 4096 4200 ) (2048 4096 4200 ) (2048 4096 0 ) 
4 317 319 (4096 4096 4200 ) (4096 4096 0 ) (4096 3072 0 ) (4096 3072 4200 ) 
4 317 318 (5120 3072 0 ) (5120 3072 4200 ) (4096 3072 4200 ) (4096 3072 0 ) 
4 318 329 (5120 2048 0 ) (5120 2048 4200 ) (4096 2048 4200 ) (4096 2048 0 ) 
4 318 321 (4096 2048 0 ) (4096 2048 4200 ) (4096 3072 4200 ) (4096 3072 0 ) 
4 319 321 (4096 3072 0 ) (4096 3072 4200 ) (3072 3072 4200 ) (3072 3072 0 ) 
4 319 320 (3072 4096 4200 ) (3072 4096 0 ) (3072 3072 0 ) (3072 3072 4200 ) 
4 320 325 (2048 3072 0 ) (2048 3072 4200 ) (2048 4096 4200 ) (2048 4096 0 ) 
4 320 322 (3072 3072 0 ) (3072 3072 4200 ) (2048 3072 4200 ) (2048 3072 0 ) 
4 321 331 (4096 2048 0 ) (4096 2048 4200 ) (3072 2048 4200 ) (3072 2048 0 ) 
4 321 322 (3072 3072 4200 ) (3072 3072 0 ) (3072 2048 0 ) (3072 2048 4200 ) 
4 322 332 (3072 2048 0 ) (3072 2048 4200 ) (2048 2048 4200 ) (2048 2048 0 ) 
4 322 327 (2048 2048 0 ) (2048 2048 4200 ) (2048 3072 4200 ) (2048 3072 0 ) 
4 323 325 (2048 4096 0 ) (2048 4096 4200 ) (1024 4096 4200 ) (1024 4096 0 ) 
4 323 324 (1024 4096 0 ) (1024 4096 4200 ) (1024 5120 4200 ) (1024 5120 0 ) 
4 324 326 (1024 4096 0 ) (1024 4096 4200 ) (0 4096 4200 ) (0 4096 0 ) 
4 325 327 (2048 3072 0 ) (2048 3072 4200 ) (1024 3072 4200 ) (1024 3072 0 ) 
4 325 326 (1024 3072 0 ) (1024 3072 4200 ) (1024 4096 4200 ) (1024 4096 0 ) 
4 326 328 (0 3072 4200 ) (0 3072 0 ) (1024 3072 0 ) (1024 3072 4200 ) 
4 327 335 (2048 2048 0 ) (2048 2048 4200 ) (1024 2048 4200 ) (1024 2048 0 ) 
4 327 328 (1024 3072 4200 ) (1024 3072 0 ) (1024 2048 0 ) (1024 2048 4200 ) 
4 328 336 (1024 2048 0 ) (1024 2048 4200 ) (0 2048 4200 ) (0 2048 0 ) 
4 329 331 (4096 2048 4200 ) (4096 2048 0 ) (4096 1024 0 ) (4096 1024 4200 ) 
4 329 330 (5120 1024 0 ) (5120 1024 4200 ) (4096 1024 4200 ) (4096 1024 0 ) 
4 330 333 (4096 0 0 ) (4096 0 4200 ) (4096 1024 4200 ) (4096 1024 0 ) 
4 331 333 (4096 1024 0 ) (4096 1024 4200 ) (3072 1024 4200 ) (3072 1024 0 ) 
4 331 332 (3072 2048 4200 ) (3072 2048 0 ) (3072 1024 0 ) (3072 1024 4200 ) 
4 332 335 (2048 2048 4200 ) (2048 2048 0 ) (2048 1024 0 ) (2048 1024 4200 ) 
4 332 334 (3072 1024 0 ) (3072 1024 4200 ) (2048 1024 4200 ) (2048 1024 0 ) 
4 333 334 (3072 1024 4200 ) (3072 1024 0 ) (3072 0 0 ) (3072 0 4200 ) 
4 334 337 (2048 0 0 ) (2048 0 4200 ) (2048 1024 4200 ) (2048 1024 0 ) 
4 335 337 (2048 1024 0 ) (2048 1024 4200 ) (1024 1024 4200 ) (1024 1024 0 ) 
4 335 336 (1024 2048 4200 ) (1024 2048 0 ) (1024 1024 0 ) (1024 1024 4200 ) 
4 336 338 (1024 1024 0 ) (1024 1024 4200 ) (0 1024 4200 ) (0 1024 0 ) 
4 337 338 (1024 1024 4200 ) (1024 1024 0 ) (1024 0 0 ) (1024 0 4200 ) 
